Name                                                                                        Stmts   Miss  Cover   Missing
-------------------------------------------------------------------------------------------------------------------------
src/apps/kernels/accounting/__init__.py                                                         0      0   100%
src/apps/kernels/accounting/apps.py                                                             5      0   100%
src/apps/kernels/accounting/certification.py                                                  131     16    88%   36-37, 45, 55, 65-68, 71, 79-81, 228, 237, 246, 261
src/apps/kernels/accounting/certification_phase7.py                                           183     22    88%   41-43, 65-66, 87, 95, 104, 114-117, 119, 126-128, 167-169, 266, 372, 374
src/apps/kernels/accounting/certification_phase7b.py                                           63      6    90%   22-23, 30-31, 48, 156
src/apps/kernels/accounting/certification_phase11.py                                          164     10    94%   62-63, 80, 92, 100, 103, 112, 124, 137, 233
src/apps/kernels/accounting/certification_phase12.py                                          263     39    85%   47-49, 70-71, 88, 95, 107, 115, 124, 134-137, 139, 146-148, 177-179, 181-183, 185-187, 313, 489-491, 533, 557-558, 570-572, 790, 794
src/apps/kernels/accounting/management/__init__.py                                              0      0   100%
src/apps/kernels/accounting/management/commands/__init__.py                                     0      0   100%
src/apps/kernels/accounting/management/commands/approve_journal_drafts.py                      26      3    88%   34-35, 46
src/apps/kernels/accounting/management/commands/certify_phase7_gl_run.py                       41      4    90%   42-43, 74, 77
src/apps/kernels/accounting/management/commands/certify_phase7b_consolidation.py               41      4    90%   42-43, 72, 75
src/apps/kernels/accounting/management/commands/certify_phase8_cutover.py                      87      8    91%   46, 49-50, 52, 59, 62, 202, 205
src/apps/kernels/accounting/management/commands/certify_phase11_intercompany_sla.py            39      4    90%   44-45, 79, 82
src/apps/kernels/accounting/management/commands/certify_phase12_monthly_determinism.py         45      4    91%   51-52, 84, 87
src/apps/kernels/accounting/management/commands/certify_shadow_ledger_run.py                   35      4    89%   38-39, 67, 70
src/apps/kernels/accounting/management/commands/close_fiscal_period.py                         22      0   100%
src/apps/kernels/accounting/management/commands/compare_phase4_env_manifests.py                34      4    88%   22, 25-26, 44
src/apps/kernels/accounting/management/commands/compare_phase7_env_manifests.py                32      5    84%   23, 26-27, 29, 40
src/apps/kernels/accounting/management/commands/compare_phase8_env_manifests.py                32      5    84%   22, 25-26, 28, 40
src/apps/kernels/accounting/management/commands/compare_phase11_env_manifests.py               31      5    84%   23, 26-27, 29, 43
src/apps/kernels/accounting/management/commands/compare_phase12_env_manifests.py               31      5    84%   23, 26-27, 29, 43
src/apps/kernels/accounting/management/commands/evaluate_phase8_rollback.py                   102     15    85%   29, 32-33, 35, 42, 45-46, 71, 81, 101-105, 184
src/apps/kernels/accounting/management/commands/explain_financial_queries.py                   87     14    84%   37, 63, 65, 73, 81-82, 107, 115, 119-120, 122, 127, 213, 216
src/apps/kernels/accounting/management/commands/export_finance_operational_snapshot.py         42      4    90%   49-50, 66, 69
src/apps/kernels/accounting/management/commands/export_gl_report.py                            95     31    67%   26, 56, 68-117, 131-133, 155-181, 183, 186, 197
src/apps/kernels/accounting/management/commands/export_operational_load_snapshot.py            59     13    78%   33, 36, 45, 50-56, 67, 69, 88
src/apps/kernels/accounting/management/commands/export_phase4_env_manifest.py                  28      3    89%   25-26, 39
src/apps/kernels/accounting/management/commands/export_phase7_env_manifest.py                  24      3    88%   23-24, 33
src/apps/kernels/accounting/management/commands/export_phase8_env_manifest.py                  33      3    91%   36-37, 49
src/apps/kernels/accounting/management/commands/export_phase8_release_baseline.py              41      3    93%   43-44, 81
src/apps/kernels/accounting/management/commands/export_phase11_env_manifest.py                 27      3    89%   25-26, 35
src/apps/kernels/accounting/management/commands/export_phase12_env_manifest.py                 27      3    89%   25-26, 35
src/apps/kernels/accounting/management/commands/export_staging_preflight_manifest.py           42      4    90%   49-50, 66, 69
src/apps/kernels/accounting/management/commands/manage_operational_posting_pilot.py           142     32    77%   63, 72, 78, 88, 103, 111-117, 134-140, 184-185, 233-258, 292
src/apps/kernels/accounting/management/commands/post_journal_drafts.py                         28      2    93%   37-38
src/apps/kernels/accounting/management/commands/project_shadow_ledger.py                       25      4    84%   24-25, 39-40
src/apps/kernels/accounting/management/commands/record_operational_go_live_exception.py        58      9    84%   32, 37-38, 47, 49, 51, 53, 55, 76
src/apps/kernels/accounting/management/commands/record_operational_go_live_review.py           53     10    81%   30, 35-36, 43, 45, 47, 49, 68, 72-73
src/apps/kernels/accounting/management/commands/record_phase8_accountant_review.py             61      9    85%   35-36, 41, 46-47, 52, 54, 56, 79
src/apps/kernels/accounting/management/commands/reverse_journal_entries_batch.py               52     10    81%   45-47, 51-54, 69-70, 81
src/apps/kernels/accounting/management/commands/reverse_journal_entry.py                       40      9    78%   35-37, 41-44, 55-56
src/apps/kernels/accounting/management/commands/run_consolidated_close.py                      44      2    95%   45-46
src/apps/kernels/accounting/management/commands/run_fx_revaluation.py                          28      4    86%   35-38
src/apps/kernels/accounting/management/commands/run_intercompany_cycle.py                      40      2    95%   39-40
src/apps/kernels/accounting/management/commands/run_phase7_gl_cycle.py                         62      3    95%   66-68
src/apps/kernels/accounting/management/commands/run_phase8_burnin_cycle.py                     88     10    89%   81-83, 106-107, 119-121, 294, 297
src/apps/kernels/accounting/management/commands/run_phase11_intercompany_cycle.py              53      2    96%   183, 186
src/apps/kernels/accounting/management/commands/run_phase12_monthly_close.py                   49      4    92%   62-63, 77, 80
src/apps/kernels/accounting/management/commands/run_shadow_ledger_cycle.py                     68      0   100%
src/apps/kernels/accounting/management/commands/seed_posting_rules_v1.py                       20      0   100%
src/apps/kernels/accounting/management/commands/verify_operational_pilot_go_live.py           291     51    82%   14-21, 27, 30-31, 33, 40, 43-44, 86-87, 89, 97, 100-107, 125, 152, 160-168, 173-176, 208, 225, 249-256, 286, 290, 297-300, 315-316, 342, 375, 379, 386, 389, 640
src/apps/kernels/accounting/management/commands/verify_phase4_go_live.py                      102     18    82%   34, 37-38, 40, 49, 51, 53, 55, 57, 59, 64, 66, 71-72, 74, 79, 81, 98
src/apps/kernels/accounting/management/commands/verify_phase7_go_live.py                       91     15    84%   40, 43-44, 46, 53, 55, 57, 59, 63, 67, 71, 74, 76, 156, 159
src/apps/kernels/accounting/management/commands/verify_phase7b_go_live.py                      74     11    85%   37, 40-41, 43, 50, 52, 54, 58, 62, 154, 157
src/apps/kernels/accounting/management/commands/verify_phase8_accountant_signoff.py            93     15    84%   29-30, 32, 39, 42-43, 49, 52-53, 58, 63, 74, 77, 80, 82
src/apps/kernels/accounting/management/commands/verify_phase8_burn_in.py                       64      9    86%   26-27, 29, 39, 49, 58-59, 71, 109
src/apps/kernels/accounting/management/commands/verify_phase8_precutover.py                   108      7    94%   47, 50-51, 53, 107, 279, 282
src/apps/kernels/accounting/management/commands/verify_phase11_go_live.py                     116     17    85%   47, 50-51, 53, 61, 63, 65, 67, 69, 71, 75, 78, 82, 84, 125, 248, 251
src/apps/kernels/accounting/management/commands/verify_phase12_go_live.py                     115     19    83%   46, 49-50, 52, 60, 62, 64, 68, 75, 77-88, 90, 98, 100, 244, 247
src/apps/kernels/accounting/management/commands/verify_phase12_operational_slo.py              92     15    84%   40-41, 43, 54, 57, 66, 78, 124, 135-154, 210, 213
src/apps/kernels/accounting/models.py                                                         472     50    89%   193-194, 255-256, 295-300, 338-349, 386-392, 424-430, 463-466, 661-670, 745-746, 899-900
src/apps/kernels/accounting/phase7.py                                                         395    107    73%   78-79, 91, 115, 131-132, 141-229, 244, 254, 272, 276, 282, 284, 288, 292-293, 295, 299, 306, 313, 346, 353, 357, 383, 395, 397, 436, 484-485, 593-596, 621, 635, 649-652, 684, 735, 744, 772, 776, 786-794, 798, 860, 867-869, 871-878
src/apps/kernels/accounting/phase7b.py                                                        613     95    85%   98, 101-102, 108, 117, 142, 178-179, 220, 227, 253-255, 367, 391-395, 422, 425, 436, 441, 443, 522, 539, 610, 626, 725, 788, 855, 866-867, 869, 920-970, 987, 999-1001, 1007-1009, 1078-1085, 1105-1121, 1165, 1282, 1317-1325, 1354-1357, 1385, 1391, 1449-1456, 1487, 1502-1511, 1664
src/apps/kernels/accounting/phase8.py                                                          57      5    91%   20-22, 37-38
src/apps/kernels/accounting/serializers.py                                                    163     15    91%   60-62, 64, 66, 105, 107, 109, 125, 137-141, 171
src/apps/kernels/accounting/services.py                                                      1182    204    83%   155, 160, 192-195, 204, 220-221, 238, 255, 431-505, 514, 519, 523, 563, 571, 582, 584, 610, 623, 633-637, 655-661, 684, 690, 723, 725, 733-735, 745, 749, 758, 761, 767, 775-776, 782-783, 785-786, 788-789, 887-901, 918, 956, 976, 1005, 1010, 1012, 1014, 1048-1053, 1094-1111, 1143, 1145, 1155, 1158-1194, 1309, 1333-1334, 1343-1348, 1366-1410, 1855, 1858, 1888-1889, 1964, 2030, 2033-2034, 2045, 2048, 2093-2094, 2099-2106, 2150, 2152, 2174-2178, 2196-2203, 2253-2254, 2331, 2333, 2344-2349, 2475, 2484, 2487, 2539, 2544, 2678, 2680, 2686-2688, 2690, 2692, 2696-2698, 2785, 2793-2795, 2797, 2837, 3016-3018, 3054-3055
src/apps/kernels/accounting/staging_ops.py                                                     79      7    91%   32-34, 56-57, 78, 86
src/apps/kernels/reporting/__init__.py                                                          1      0   100%
src/apps/kernels/reporting/api/__init__.py                                                      1      0   100%
src/apps/kernels/reporting/api/filters.py                                                       8      2    75%   8, 10
src/apps/kernels/reporting/api/serializers.py                                                  26      0   100%
src/apps/kernels/reporting/apps.py                                                              7      0   100%
src/apps/kernels/reporting/authentication.py                                                   85     50    41%   22, 29-31, 40, 42, 44, 54-100, 104-120
src/apps/kernels/reporting/contract_compat.py                                                 125     25    80%   26, 39, 52-54, 64, 76, 84, 94, 99, 101, 105, 109, 113, 117, 125, 134, 139-140, 145, 147-148, 165, 178, 182
src/apps/kernels/reporting/contracts.py                                                         6      0   100%
src/apps/kernels/reporting/domain_adapters/__init__.py                                          1      0   100%
src/apps/kernels/reporting/domain_adapters/accounting.py                                       90      5    94%   27, 165, 229-231
src/apps/kernels/reporting/domain_adapters/billing.py                                          34      0   100%
src/apps/kernels/reporting/domain_adapters/fuel.py                                            167     20    88%   24, 26, 29-37, 44, 46, 48-49, 51, 64, 266, 274, 339
src/apps/kernels/reporting/domain_adapters/hr.py                                               52      5    90%   17, 19, 23, 27-28
src/apps/kernels/reporting/domain_adapters/inventory.py                                        41      0   100%
src/apps/kernels/reporting/domain_adapters/payments.py                                         37      0   100%
src/apps/kernels/reporting/domain_adapters/procurement.py                                      34      0   100%
src/apps/kernels/reporting/domain_adapters/utils.py                                            46     12    74%   35, 37, 39, 43, 46-48, 55, 57, 59-60, 62
src/apps/kernels/reporting/enums.py                                                            43      0   100%
src/apps/kernels/reporting/exceptions.py                                                       13      0   100%
src/apps/kernels/reporting/execution.py                                                       181     27    85%   47, 53, 56-58, 72, 80, 86, 89, 92, 97, 99, 101, 110, 112, 120, 152-187
src/apps/kernels/reporting/exports.py                                                         104      8    92%   21, 45, 68-72, 137, 143, 147, 150
src/apps/kernels/reporting/lineage.py                                                           4      0   100%
src/apps/kernels/reporting/management/__init__.py                                               1      0   100%
src/apps/kernels/reporting/management/commands/__init__.py                                      1      0   100%
src/apps/kernels/reporting/management/commands/export_dataset.py                                6      6     0%   1-10
src/apps/kernels/reporting/management/commands/export_reporting_observability_snapshot.py      24      0   100%
src/apps/kernels/reporting/management/commands/reporting_r8_gate.py                           158     20    87%   19-20, 50, 60, 69, 163, 176, 188, 199, 217, 273-274, 281-296, 331
src/apps/kernels/reporting/management/commands/seed_reporting_catalog.py                       26      8    69%   26-33
src/apps/kernels/reporting/management/commands/verify_reporting_kernel.py                      10     10     0%   1-15
src/apps/kernels/reporting/management/commands/warm_reporting_snapshots.py                      6      6     0%   1-10
src/apps/kernels/reporting/materialization.py                                                  52      4    92%   49, 73, 102-103
src/apps/kernels/reporting/models.py                                                          115      2    98%   61, 124
src/apps/kernels/reporting/observability.py                                                   101     15    85%   22-28, 64, 122, 126-129, 134, 137
src/apps/kernels/reporting/permissions.py                                                      22      4    82%   14, 16, 18, 47
src/apps/kernels/reporting/quality.py                                                         100     12    88%   25, 27, 32, 35-36, 59, 72, 87, 101, 114, 130, 175
src/apps/kernels/reporting/registry.py                                                         46      1    98%   429
src/apps/kernels/reporting/selectors.py                                                        50     10    80%   13-16, 20-32, 49, 60
src/apps/kernels/reporting/services.py                                                        117     13    89%   58, 113, 126, 148, 161, 184, 188, 195, 198, 233, 248, 252, 258
src/apps/modulos/accounts/__init__.py                                                           1      0   100%
src/apps/modulos/accounts/apps.py                                                               7      0   100%
src/apps/modulos/accounts/cookies.py                                                           16      2    88%   45-50
src/apps/modulos/accounts/management/__init__.py                                                0      0   100%
src/apps/modulos/accounts/management/commands/__init__.py                                       0      0   100%
src/apps/modulos/accounts/management/commands/seed_auth_users.py                               65     65     0%   1-122
src/apps/modulos/accounts/models.py                                                            36      0   100%
src/apps/modulos/accounts/password_validators.py                                               23     23     0%   1-39
src/apps/modulos/accounts/serializers.py                                                       86     10    88%   24-27, 30, 36, 51, 53, 59, 84
src/apps/modulos/accounts/signals.py                                                           27      5    81%   21-22, 27-28, 32
src/apps/modulos/accounts/tests.py                                                              0      0   100%
src/apps/modulos/dashboard/__init__.py                                                          1      0   100%
src/apps/modulos/dashboard/apps.py                                                              6      0   100%
src/apps/modulos/dashboard/models.py                                                           25      1    96%   49
src/apps/modulos/dashboard/observability.py                                                    27      3    89%   40-48
src/apps/modulos/dashboard/serializers.py                                                       8      0   100%
src/apps/modulos/dashboard/services.py                                                        157    119    24%   79, 90-94, 98-113, 117-124, 128-132, 136-137, 143-158, 168-214, 224-280
src/apps/modulos/estacion_servicios/__init__.py                                                 0      0   100%
src/apps/modulos/estacion_servicios/apps.py                                                     5      0   100%
src/apps/modulos/estacion_servicios/management/__init__.py                                      0      0   100%
src/apps/modulos/estacion_servicios/management/commands/__init__.py                             0      0   100%
src/apps/modulos/estacion_servicios/management/commands/run_fuel_compensation_cycle.py         30      2    93%   35, 43
src/apps/modulos/estacion_servicios/models.py                                                 114      0   100%
src/apps/modulos/estacion_servicios/serializers.py                                            168     15    91%   115-118, 121, 126, 144-145, 150, 155-158, 162, 175, 205, 220, 226
src/apps/modulos/estacion_servicios/services.py                                               437     79    82%   83, 86-91, 101, 130-133, 195, 210-212, 217, 232-242, 251, 254, 256, 261-262, 279, 282, 284, 289-290, 309, 311, 313, 316, 318, 323-324, 334, 373, 381, 448, 456, 513, 532, 581, 740, 743, 765-782, 972-973, 983-1006, 1085, 1110, 1163, 1169-1170, 1178, 1182-1185
src/apps/modulos/integration/__init__.py                                                        0      0   100%
src/apps/modulos/integration/apps.py                                                            5      0   100%
src/apps/modulos/integration/management/__init__.py                                             0      0   100%
src/apps/modulos/integration/management/commands/__init__.py                                    0      0   100%
src/apps/modulos/integration/management/commands/dispatch_outbox.py                            28      2    93%   29-36
src/apps/modulos/integration/models.py                                                         51      0   100%
src/apps/modulos/integration/serializers.py                                                     8      0   100%
src/apps/modulos/integration/services.py                                                      149      5    97%   70, 147, 320, 322, 324
src/apps/modulos/sync_engine/apps.py                                                            7      0   100%
src/apps/modulos/sync_engine/errors.py                                                          9      0   100%
src/apps/modulos/sync_engine/handlers_demo.py                                                   7      0   100%
src/apps/modulos/sync_engine/handlers_inventory.py                                            195      0   100%
src/apps/modulos/sync_engine/handlers_pos.py                                                  158     68    57%   43-44, 50, 53-54, 67, 72-73, 82, 90, 104, 118, 148-149, 151, 173-222, 233-257, 272, 277-295, 310, 327-328
src/apps/modulos/sync_engine/models.py                                                        114      0   100%
src/apps/modulos/sync_engine/registry.py                                                       16      0   100%
src/apps/modulos/sync_engine/serializers.py                                                    57      1    98%   100
src/apps/modulos/sync_engine/services.py                                                      202      2    99%   569-571
src/apps/modulos/sync_engine/signing.py                                                        54      2    96%   104-105
-------------------------------------------------------------------------------------------------------------------------
TOTAL                                                                                       11170   1688    85%
