<?xml version="1.0" encoding="utf-8"?><testsuites name="pytest tests"><testsuite name="pytest" errors="0" failures="0" skipped="0" tests="997" time="322.775" timestamp="2026-06-07T15:35:55.963517-06:00" hostname="1b382fe74af6"><testcase classname="tests.test_2fa_challenge" name="test_2fa_challenge_is_one_time_use" time="143.930" /><testcase classname="tests.test_2fa_challenge" name="test_2fa_challenge_replay_with_wrong_user_agent_fails" time="0.033" /><testcase classname="tests.test_2fa_challenge" name="test_2fa_replay_returns_400_with_auth_cookies_present" time="0.062" /><testcase classname="tests.test_2fa_challenge" name="test_2fa_replay_returns_400_with_auth_cookies_and_different_ua" time="0.057" /><testcase classname="tests.test_access_denied_audit" name="test_401_not_authenticated_creates_auth_access_denied_event" time="0.037" /><testcase classname="tests.test_acl_snapshot" name="test_acl_snapshot_lists_companies_and_branches_and_admin_caps" time="0.101" /><testcase classname="tests.test_acl_snapshot_scoped_permissions" name="test_acl_snapshot_permissions_are_per_company" time="0.084" /><testcase classname="tests.test_audit_chain_integrity" name="test_audit_chain_verifier_passes_for_writer_events" time="0.039" /><testcase classname="tests.test_audit_chain_integrity" name="test_audit_chain_verifier_detects_payload_tampering" time="0.031" /><testcase classname="tests.test_audit_chain_integrity" name="test_audit_chain_verifier_detects_prev_hash_break" time="0.036" /><testcase classname="tests.test_audit_chain_integrity" name="test_audit_chain_verifier_accepts_rotated_keys" time="0.046" /><testcase classname="tests.test_auth" name="test_login_success_creates_contractual_audit_event" time="0.065" /><testcase classname="tests.test_auth" name="test_login_failed_creates_contractual_audit_event" time="0.039" /><testcase classname="tests.test_auth" name="test_logout_requires_auth_and_creates_audit_event" time="0.070" /><testcase classname="tests.test_auth" name="test_logout_is_idempotent_when_refresh_missing" time="0.041" /><testcase classname="tests.test_auth" name="test_logout_is_idempotent_when_refresh_invalid" time="0.045" /><testcase classname="tests.test_auth" name="test_logout_is_idempotent_when_refresh_belongs_to_another_user" time="0.066" /><testcase classname="tests.test_auth" name="test_login_cookie_transport_rejects_insecure_http" time="0.027" /><testcase classname="tests.test_auth" name="test_login_cookie_transport_allows_secure_https_request" time="0.029" /><testcase classname="tests.test_auth" name="test_refresh_cookie_transport_rejects_insecure_http" time="0.043" /><testcase classname="tests.test_auth_throttling" name="test_login_throttling_enveloped" time="0.042" /><testcase classname="tests.test_auth_throttling" name="test_refresh_throttling_enveloped" time="0.084" /><testcase classname="tests.test_auth_throttling" name="test_logout_throttling_enveloped" time="0.097" /><testcase classname="tests.test_axes_lockout" name="test_axes_locks_out_and_creates_lockout_event" time="0.484" /><testcase classname="tests.test_bootstrap_session_api" name="test_bootstrap_session_requires_authentication" time="0.028" /><testcase classname="tests.test_bootstrap_session_api" name="test_bootstrap_session_returns_canonical_shape_for_authenticated_user" time="0.087" /><testcase classname="tests.test_bootstrap_session_api" name="test_bootstrap_session_shell_mode_honors_explicit_device_class[desktop-desktop]" time="0.091" /><testcase classname="tests.test_bootstrap_session_api" name="test_bootstrap_session_shell_mode_honors_explicit_device_class[mobile-mobile]" time="0.112" /><testcase classname="tests.test_bootstrap_session_api" name="test_bootstrap_session_shell_mode_falls_back_to_ua_when_header_invalid" time="0.089" /><testcase classname="tests.test_bootstrap_session_api" name="test_bootstrap_session_shell_mode_defaults_to_desktop_without_valid_hints" time="0.087" /><testcase classname="tests.test_hr_method_permissions" name="test_positions_post_denied_without_create_permission" time="0.102" /><testcase classname="tests.test_hr_method_permissions" name="test_positions_get_denied_without_read_permission" time="0.093" /><testcase classname="tests.test_hr_method_permissions" name="test_employees_post_denied_without_employee_create_permission" time="0.088" /><testcase classname="tests.test_hr_method_permissions" name="test_assignment_post_denied_without_assignment_create_permission" time="0.111" /><testcase classname="tests.test_intercompany_grants" name="test_intercompany_without_grant_denies_even_if_user_has_local_permission" time="0.121" /><testcase classname="tests.test_intercompany_grants" name="test_intercompany_with_grant_allows_read" time="0.105" /><testcase classname="tests.test_inventory_services_coverage" name="test_post_receive_invalid_qty_and_cost" time="0.030" /><testcase classname="tests.test_inventory_services_coverage" name="test_post_receive_invalid_scope_entities" time="0.040" /><testcase classname="tests.test_inventory_services_coverage" name="test_post_receive_idempotent_returns_existing_balance" time="0.160" /><testcase classname="tests.test_inventory_services_coverage" name="test_post_issue_insufficient_stock_and_allow_negative" time="0.127" /><testcase classname="tests.test_inventory_services_coverage" name="test_post_adjust_idempotent_returns_existing" time="0.188" /><testcase classname="tests.test_inventory_services_coverage" name="test_post_transfer_errors_and_idempotent" time="0.252" /><testcase classname="tests.test_inventory_services_coverage" name="test_handlers_helpers_and_idempotency_conflict" time="0.043" /><testcase classname="tests.test_inventory_services_coverage" name="test_handle_transfer_idempotent_path" time="0.235" /><testcase classname="tests.test_inventory_services_coverage" name="test_namespaced_idempotency_key" time="0.009" /><testcase classname="tests.test_me" name="test_me_returns_roles_and_permissions" time="0.040" /><testcase classname="tests.test_org_context" name="test_context_requires_company_header_and_denies_without_membership" time="0.090" /><testcase classname="tests.test_org_context" name="test_context_allows_branch_membership_with_headers" time="0.086" /><testcase classname="tests.test_org_endpoints_audit" name="test_org_create_branch_creates_profile_and_audit" time="0.193" /><testcase classname="tests.test_org_endpoints_audit" name="test_org_create_branch_denied_without_create_permission" time="0.080" /><testcase classname="tests.test_org_endpoints_audit" name="test_org_patch_branch_updates_and_audit" time="0.114" /><testcase classname="tests.test_org_endpoints_audit" name="test_org_get_company_profile_requires_read_not_update" time="0.076" /><testcase classname="tests.test_org_endpoints_audit" name="test_org_put_company_profile_updates_and_audit" time="0.089" /><testcase classname="tests.test_org_endpoints_audit" name="test_org_list_companies_and_create_company_audit" time="0.163" /><testcase classname="tests.test_pagination_list_endpoints" name="test_org_companies_pagination_limit_offset" time="0.103" /><testcase classname="tests.test_pagination_list_endpoints" name="test_org_branches_pagination_limit_offset" time="0.112" /><testcase classname="tests.test_pagination_list_endpoints" name="test_hr_employees_pagination_limit_offset" time="0.098" /><testcase classname="tests.test_pagination_list_endpoints" name="test_hr_assignments_pagination_limit_offset" time="0.125" /><testcase classname="tests.test_pagination_list_endpoints" name="test_rbac_roles_permissions_pagination_limit_offset" time="0.111" /><testcase classname="tests.test_rbac_permission_audit" name="test_403_creates_auth_access_denied_with_required_permission_and_scope" time="0.080" /><testcase classname="tests.test_rbac_permission_audit" name="test_200_when_user_has_scoped_permission" time="0.064" /><testcase classname="tests.test_rbac_scoped_enforcement" name="test_permission_in_c1_does_not_apply_in_c2" time="0.119" /><testcase classname="tests.test_rbac_scoped_selector" name="test_scoped_role_assignment_company_applies_in_company_context" time="0.035" /><testcase classname="tests.test_rbac_scoped_selector" name="test_scoped_role_assignment_branch_applies_only_in_that_branch" time="0.058" /><testcase classname="tests.test_rbac_scoped_selector" name="test_include_global_legacy_userrole_still_works_for_transition" time="0.030" /><testcase classname="tests.test_sync_engine_coverage" name="test_signing_helpers_invalid_inputs" time="0.032" /><testcase classname="tests.test_sync_engine_coverage" name="test_registry_duplicate_registration_raises" time="0.007" /><testcase classname="tests.test_sync_engine_coverage" name="test_models_clean_and_helpers" time="0.078" /><testcase classname="tests.test_sync_engine_coverage" name="test_process_command_rejections_and_duplicates" time="0.070" /><testcase classname="tests.test_sync_engine_coverage" name="test_process_command_scope_hash_signature_and_mismatch" time="0.083" /><testcase classname="tests.test_sync_engine_coverage" name="test_process_command_duplicate_and_payload_mismatch" time="0.067" /><testcase classname="tests.test_sync_engine_coverage" name="test_sync_reject_error_str" time="0.007" /><testcase classname="tests.test_sync_engine_handlers_coverage" name="test_sync_reject_error_str" time="0.011" /><testcase classname="tests.test_sync_engine_handlers_coverage" name="test_device_and_enrollment_clean_validations" time="0.075" /><testcase classname="tests.test_sync_engine_handlers_coverage" name="test_handlers_inventory_receive_issue_adjust_transfer_and_aliases" time="0.665" /><testcase classname="tests.test_sync_engine_handlers_coverage" name="test_handlers_inventory_schema_and_scope_errors" time="0.046" /><testcase classname="tests.test_sync_engine_handlers_inventory_coverage" name="test_handler_helpers_and_scope_errors" time="0.043" /><testcase classname="tests.test_sync_engine_handlers_inventory_coverage" name="test_idempotency_matching_and_transfer_idempotent" time="0.050" /><testcase classname="tests.test_sync_engine_handlers_inventory_coverage" name="test_handle_inventory_issue_adjust_transfer_variants" time="0.052" /><testcase classname="tests.test_sync_engine_handlers_inventory_coverage" name="test_handle_inventory_adjust_success_and_aliases" time="0.041" /><testcase classname="tests.test_sync_engine_handlers_inventory_coverage" name="test_handle_inventory_adjust_value_error_mapped" time="0.034" /><testcase classname="tests.test_sync_engine_handlers_inventory_coverage" name="test_handle_inventory_receive_v2_success" time="0.038" /><testcase classname="tests.test_sync_engine_handlers_inventory_coverage" name="test_handle_inventory_transfer_value_error_mapped" time="0.037" /><testcase classname="tests.test_sync_engine_inventory_commands" name="test_sync_batch_inventory_receive_issue_applies_and_updates_stock" time="0.510" /><testcase classname="tests.test_sync_engine_inventory_commands" name="test_sync_inventory_duplicate_command_returns_duplicate" time="0.364" /><testcase classname="tests.test_sync_engine_inventory_commands" name="test_sync_inventory_idempotency_key_conflict_rejected" time="0.368" /><testcase classname="tests.test_sync_engine_inventory_commands" name="test_sync_inventory_invalid_scope_rejected" time="0.257" /><testcase classname="tests.test_sync_engine_inventory_commands" name="test_sync_inventory_invalid_scope_entity_rejected" time="0.375" /><testcase classname="tests.test_sync_engine_inventory_commands" name="test_sync_inventory_insufficient_stock_rejected" time="0.611" /><testcase classname="tests.test_sync_engine_inventory_commands" name="test_sync_inventory_invalid_signature_rejected" time="0.248" /><testcase classname="tests.test_sync_engine_inventory_commands" name="test_sync_inventory_payload_mismatch_rejected" time="0.361" /><testcase classname="tests.test_sync_engine_inventory_commands" name="test_sync_inventory_batch_limit_exceeded_rejected" time="0.342" /><testcase classname="tests.test_sync_engine_offline" name="test_enroll_and_sync_replay_is_duplicate" time="0.284" /><testcase classname="tests.test_sync_engine_offline" name="test_batch_partial_invalid_signature_does_not_break_other_commands" time="0.203" /><testcase classname="tests.test_sync_engine_offline" name="test_payload_mismatch_same_command_id_is_rejected" time="0.239" /><testcase classname="tests.test_sync_engine_services_coverage" name="test_process_command_payload_limit_exceeded" time="0.031" /><testcase classname="tests.test_sync_engine_services_coverage" name="test_process_command_handler_reject_and_crash" time="0.065" /><testcase classname="tests.test_sync_engine_services_coverage" name="test_resolve_device_and_enforce_active" time="0.036" /><testcase classname="tests.test_sync_engine_services_coverage" name="test_process_batch_handles_internal_errors" time="0.052" /><testcase classname="tests.test_sync_engine_services_coverage" name="test_ensure_scope_matches_company_branch" time="0.045" /><testcase classname="tests.test_sync_engine_services_coverage" name="test_process_command_device_status_rejected" time="0.048" /><testcase classname="tests.test_sync_engine_services_coverage" name="test_process_command_time_skew_quarantines_device" time="0.040" /><testcase classname="tests.test_sync_engine_services_coverage" name="test_process_command_payload_hash_mismatch" time="0.035" /><testcase classname="tests.test_sync_engine_services_coverage" name="test_process_command_with_warnings" time="0.048" /><testcase classname="tests.test_sync_engine_services_coverage" name="test_process_command_canon_json_error_rejected" time="0.042" /><testcase classname="tests.test_sync_engine_services_coverage" name="test_process_command_invalid_signature_and_unknown_handler" time="0.041" /><testcase classname="tests.test_sync_engine_services_coverage" name="test_process_command_reject_and_internal_error_paths" time="0.062" /><testcase classname="tests.test_sync_engine_services_coverage" name="test_process_command_duplicate_and_mismatch" time="0.052" /><testcase classname="tests.test_sync_engine_services_coverage" name="test_process_command_integrity_error_paths" time="0.055" /><testcase classname="tests.test_sync_engine_services_coverage" name="test_process_batch_limit_exceeded" time="0.041" /><testcase classname="tests.test_sync_engine_services_coverage" name="test_process_batch_applies_and_updates_receipt" time="0.063" /><testcase classname="tests.test_sync_engine_services_coverage" name="test_signing_helpers_invalid_public_key" time="0.007" /><testcase classname="tests.test_sync_engine_services_coverage" name="test_registry_duplicate_handler_and_reject_with_db_paths" time="0.048" /><testcase classname="tests.test_sync_engine_services_coverage" name="test_reject_with_db_handles_missing_row" time="0.042" /><testcase classname="tests.test_sync_engine_services_coverage" name="test_reject_with_db_handles_exception" time="0.034" /><testcase classname="tests.test_sync_engine_services_coverage" name="test_reject_with_db_successful_write" time="0.034" /><testcase classname="src.tests.test_accounting_migration_0010_effective_at_backfill" name="test_backfill_effective_at_uses_chunked_source_lookup" time="0.010" /><testcase classname="src.tests.test_architecture_kernels_models" name="test_accounting_journal_entry_rejects_unbalanced_values" time="0.057" /><testcase classname="src.tests.test_architecture_kernels_models" name="test_accounting_journal_entry_rejects_posting_in_closed_period" time="0.098" /><testcase classname="src.tests.test_architecture_kernels_models" name="test_payments_cash_session_difference_invariant" time="0.074" /><testcase classname="src.tests.test_architecture_kernels_models" name="test_integration_inbox_enforces_idempotency_per_consumer" time="0.020" /><testcase classname="src.tests.test_auth_audit_request_id" name="test_login_audits_request_id" time="0.056" /><testcase classname="src.tests.test_auth_throttling_me_context" name="test_me_and_context_throttling_scopes" time="0.318" /><testcase classname="src.tests.test_billing_customer_party" name="test_create_billing_draft_keeps_legacy_mode_without_customer_party" time="0.071" /><testcase classname="src.tests.test_billing_customer_party" name="test_create_billing_draft_accepts_customer_party_same_company" time="0.113" /><testcase classname="src.tests.test_billing_customer_party" name="test_create_billing_draft_rejects_customer_party_from_other_company" time="0.079" /><testcase classname="src.tests.test_billing_customer_party" name="test_billing_document_model_rejects_customer_party_company_mismatch" time="0.088" /><testcase classname="src.tests.test_billing_customer_party" name="test_create_billing_draft_ensures_customer_party_role_without_duplicates" time="0.130" /><testcase classname="src.tests.test_billing_customer_party" name="test_create_billing_draft_reuses_existing_customer_party_role" time="0.085" /><testcase classname="src.tests.test_billing_customer_party" name="test_create_billing_draft_rolls_back_when_customer_role_assignment_fails" time="0.068" /><testcase classname="src.tests.test_billing_customer_party" name="test_create_billing_draft_idempotency_with_customer_party_keeps_single_doc_and_role" time="0.110" /><testcase classname="src.tests.test_billing_customer_party" name="test_issue_and_void_include_customer_party_id_in_billing_outbox" time="0.293" /><testcase classname="src.tests.test_billing_customer_party" name="test_billing_api_accepts_customer_party_and_detail_list_return_safe_party_fields" time="0.262" /><testcase classname="src.tests.test_billing_customer_party" name="test_billing_api_rejects_cross_company_customer_party" time="0.151" /><testcase classname="src.tests.test_billing_doc_flow" name="test_billing_create_issue_void_audited" time="0.347" /><testcase classname="src.tests.test_billing_doc_flow" name="test_billing_doc_cannot_void_draft" time="0.173" /><testcase classname="src.tests.test_billing_doc_flow" name="test_billing_doc_issue_idempotent" time="0.242" /><testcase classname="src.tests.test_billing_doc_flow" name="test_billing_docs_list_filters_pagination_and_scoping" time="0.740" /><testcase classname="src.tests.test_billing_doc_flow" name="test_billing_docs_list_requires_read_permission_and_validates_filters" time="0.218" /><testcase classname="src.tests.test_billing_kernel" name="test_billing_invoice_create_writes_audit_event" time="0.119" /><testcase classname="src.tests.test_billing_kernel" name="test_billing_invoice_create_denied_is_audited" time="0.090" /><testcase classname="src.tests.test_bootstrap_api" name="test_bootstrap_status_fresh_when_no_users" time="0.013" /><testcase classname="src.tests.test_bootstrap_api" name="test_bootstrap_init_creates_first_admin" time="0.037" /><testcase classname="src.tests.test_bootstrap_api" name="test_bootstrap_org_requires_auth_but_no_company_context_header" time="2.457" /><testcase classname="src.tests.test_bootstrap_api" name="test_password_change_clears_must_change_password" time="0.067" /><testcase classname="src.tests.test_bootstrap_company_command" name="test_bootstrap_company_no_input_requires_required_params" time="0.019" /><testcase classname="src.tests.test_bootstrap_company_command" name="test_bootstrap_company_is_idempotent_and_scoped_to_company" time="3.857" /><testcase classname="src.tests.test_fuel_billing_inventory_integration" name="test_fuel_sale_creates_billing_and_inventory_and_reverses_on_cancel" time="0.788" /><testcase classname="src.tests.test_fuel_billing_inventory_integration" name="test_fuel_sale_snapshots_payment_method_on_billing_document[CASH]" time="0.413" /><testcase classname="src.tests.test_fuel_billing_inventory_integration" name="test_fuel_sale_snapshots_payment_method_on_billing_document[TRANSFER]" time="0.413" /><testcase classname="src.tests.test_fuel_billing_inventory_integration" name="test_fuel_sale_snapshots_payment_method_on_billing_document[CREDIT]" time="0.409" /><testcase classname="src.tests.test_fuel_billing_inventory_integration" name="test_fuel_sale_create_is_idempotent_with_external_key_after_shift_closed" time="0.532" /><testcase classname="src.tests.test_fuel_billing_inventory_integration" name="test_fuel_sale_create_rejects_idempotency_payload_mismatch" time="0.514" /><testcase classname="src.tests.test_fuel_billing_inventory_integration" name="test_fuel_sale_without_external_idempotency_preserves_duplicate_dispense_validation" time="0.439" /><testcase classname="src.tests.test_fuel_compensation_phase2" name="test_fuel_cancel_compensating_then_retry_endpoint_success" time="0.625" /><testcase classname="src.tests.test_fuel_compensation_phase2" name="test_fuel_cancel_is_idempotent_after_cancelled" time="0.639" /><testcase classname="src.tests.test_fuel_compensation_phase2" name="test_retry_endpoint_is_idempotent_when_sale_already_cancelled" time="0.628" /><testcase classname="src.tests.test_fuel_compensation_phase2" name="test_run_fuel_compensation_cycle_command_processes_pending" time="0.522" /><testcase classname="src.tests.test_fuel_customer_party" name="test_fuel_sale_legacy_without_customer_party_still_works" time="0.417" /><testcase classname="src.tests.test_fuel_customer_party" name="test_fuel_sale_with_customer_party_propagates_to_billing_and_outbox" time="0.491" /><testcase classname="src.tests.test_fuel_customer_party" name="test_fuel_sale_detail_and_list_return_safe_customer_party_fields" time="0.565" /><testcase classname="src.tests.test_fuel_customer_party" name="test_fuel_sale_rejects_cross_company_customer_party_without_partial_sale" time="0.266" /><testcase classname="src.tests.test_fuel_customer_party" name="test_fuel_sale_model_rejects_customer_party_company_mismatch" time="0.127" /><testcase classname="src.tests.test_fuel_customer_party" name="test_fuel_sale_idempotency_includes_customer_party" time="0.643" /><testcase classname="src.tests.test_fuel_customer_party" name="test_fuel_sale_reuses_existing_customer_party_role_without_duplicate" time="0.477" /><testcase classname="src.tests.test_fuel_customer_party" name="test_fuel_sale_rolls_back_if_billing_customer_role_assignment_fails" time="0.194" /><testcase classname="src.tests.test_fuel_read_and_reports" name="test_fuel_get_list_and_detail_and_reports" time="1.069" /><testcase classname="src.tests.test_fuel_read_and_reports" name="test_fuel_read_endpoints_require_permissions" time="0.296" /><testcase classname="src.tests.test_fuel_shift_flow" name="test_fuel_shift_dispense_sale_close_flow" time="0.491" /><testcase classname="src.tests.test_fuel_shift_flow" name="test_fuel_dispense_diesel_in_gallons_returns_both_units" time="0.171" /><testcase classname="src.tests.test_fuel_shift_flow" name="test_fuel_open_shift_twice_returns_duplicate_processed" time="0.121" /><testcase classname="src.tests.test_fuel_uom_preferences" name="test_fuel_uom_preferences_get_put_and_inference" time="0.214" /><testcase classname="src.tests.test_hr_end_assignment_endpoint" name="test_end_assignment_endpoint_deactivates_assignment_and_position_roles" time="0.194" /><testcase classname="src.tests.test_hr_end_assignment_endpoint" name="test_hr_reset_temp_password_success_and_audit" time="0.181" /><testcase classname="src.tests.test_hr_end_assignment_endpoint" name="test_hr_reset_temp_password_409_when_no_linked_user" time="0.097" /><testcase classname="src.tests.test_hr_party_link" name="test_employee_party_model_allows_nullable_and_rejects_cross_company_party" time="0.092" /><testcase classname="src.tests.test_hr_party_link" name="test_link_employee_to_party_creates_employee_role_and_company_scoped_audit" time="0.115" /><testcase classname="src.tests.test_hr_party_link" name="test_link_employee_to_party_does_not_duplicate_existing_employee_party_role" time="0.075" /><testcase classname="src.tests.test_hr_party_link" name="test_link_employee_to_party_rejects_cross_company_party" time="0.075" /><testcase classname="src.tests.test_hr_party_link" name="test_link_employee_to_party_rolls_back_party_role_when_hr_audit_fails" time="0.079" /><testcase classname="src.tests.test_hr_party_link" name="test_unlink_employee_party_clears_employee_and_keeps_party_role_active" time="0.100" /><testcase classname="src.tests.test_hr_party_link" name="test_employee_api_create_list_patch_and_unlink_party" time="0.371" /><testcase classname="src.tests.test_hr_party_link" name="test_employee_api_rejects_cross_company_party_without_partial_employee" time="0.146" /><testcase classname="src.tests.test_hr_position_role_automation" name="test_hr_position_role_automation_end_to_end" time="0.292" /><testcase classname="src.tests.test_hr_revoke_access_endpoint" name="test_hr_revoke_access_deactivates_memberships_and_position_roles_and_audits" time="0.150" /><testcase classname="src.tests.test_hr_revoke_access_endpoint" name="test_hr_revoke_access_409_when_no_linked_user" time="0.095" /><testcase classname="src.tests.test_iam_context_headers" name="test_iam_context_requires_company_header" time="0.045" /><testcase classname="src.tests.test_iam_context_headers" name="test_iam_context_with_company_header" time="0.059" /><testcase classname="src.tests.test_inventory_idempotency_mismatch" name="test_inventory_receive_rejects_idempotency_payload_mismatch" time="0.218" /><testcase classname="src.tests.test_inventory_idempotency_mismatch" name="test_inventory_issue_rejects_idempotency_payload_mismatch" time="0.230" /><testcase classname="src.tests.test_inventory_idempotency_mismatch" name="test_inventory_adjust_rejects_idempotency_payload_mismatch" time="0.198" /><testcase classname="src.tests.test_inventory_idempotency_mismatch" name="test_inventory_transfer_rejects_idempotency_payload_mismatch" time="0.217" /><testcase classname="src.tests.test_inventory_idempotency_mismatch" name="test_inventory_receive_without_idempotency_key_preserves_duplicate_behavior" time="0.194" /><testcase classname="src.tests.test_inventory_kernel" name="test_inventory_item_create_writes_audit_event" time="0.107" /><testcase classname="src.tests.test_inventory_kernel" name="test_inventory_item_create_denied_is_audited" time="0.086" /><testcase classname="src.tests.test_inventory_kernel_flow" name="test_inventory_receive_issue_audited" time="0.389" /><testcase classname="src.tests.test_inventory_kernel_flow" name="test_inventory_receive_idempotency_payload_mismatch_returns_conflict" time="0.339" /><testcase classname="src.tests.test_kernel_boundary_errors" name="test_inventory_transfer_same_warehouse_returns_400_not_500" time="0.076" /><testcase classname="src.tests.test_kernel_boundary_errors" name="test_billing_create_without_branch_returns_400_not_500" time="0.083" /><testcase classname="src.tests.test_kernel_boundary_errors" name="test_billing_issue_not_found_returns_404_not_500" time="0.089" /><testcase classname="src.tests.test_management_commands_diagnostics" name="test_seed_auth_users_creates_updates_and_controls_secret_output" time="0.042" /><testcase classname="src.tests.test_management_commands_diagnostics" name="test_reporting_catalog_commands_seed_verify_and_expose_placeholders" time="0.166" /><testcase classname="src.tests.test_management_commands_diagnostics" name="test_export_gl_report_command_formats_json_csv_and_validation" time="0.060" /><testcase classname="src.tests.test_management_commands_diagnostics" name="test_operational_snapshot_and_pilot_commands_cover_rollout_and_errors" time="0.083" /><testcase classname="src.tests.test_management_commands_diagnostics" name="test_reverse_journal_entry_command_delegates_and_validates_actor" time="0.029" /><testcase classname="src.tests.test_operational_commands_coverage" name="test_run_fx_revaluation_command_success_normalizes_account_codes" time="0.008" /><testcase classname="src.tests.test_operational_commands_coverage" name="test_run_fx_revaluation_command_blocked_strict_raises" time="0.007" /><testcase classname="src.tests.test_operational_commands_coverage" name="test_run_intercompany_cycle_command_exports_report" time="0.011" /><testcase classname="src.tests.test_operational_commands_coverage" name="test_run_intercompany_cycle_command_strict_gate_fails" time="0.010" /><testcase classname="src.tests.test_operational_commands_coverage" name="test_run_consolidated_close_command_exports_report" time="0.014" /><testcase classname="src.tests.test_operational_commands_coverage" name="test_run_consolidated_close_command_strict_gate_fails" time="0.009" /><testcase classname="src.tests.test_operational_commands_coverage" name="test_run_phase7_gl_cycle_command_exports_report" time="0.015" /><testcase classname="src.tests.test_operational_commands_coverage" name="test_run_phase7_gl_cycle_command_strict_gate_fails" time="0.013" /><testcase classname="src.tests.test_operational_commands_coverage" name="test_export_gl_report_trial_balance_csv" time="0.026" /><testcase classname="src.tests.test_operational_commands_coverage" name="test_export_gl_report_general_ledger_requires_account_code" time="0.021" /><testcase classname="src.tests.test_operational_commands_coverage" name="test_export_reporting_observability_snapshot_output_file" time="0.010" /><testcase classname="src.tests.test_operational_commands_coverage" name="test_export_reporting_observability_snapshot_stdout" time="0.009" /><testcase classname="src.tests.test_parties_models" name="test_party_can_create_supported_party_types_and_normalizes_fields[NATURAL]" time="0.040" /><testcase classname="src.tests.test_parties_models" name="test_party_can_create_supported_party_types_and_normalizes_fields[JURIDICAL]" time="0.040" /><testcase classname="src.tests.test_parties_models" name="test_party_can_create_supported_party_types_and_normalizes_fields[INTERNAL]" time="0.042" /><testcase classname="src.tests.test_parties_models" name="test_party_rejects_tax_id_duplicate_inside_same_company_when_present" time="0.051" /><testcase classname="src.tests.test_parties_models" name="test_party_rejects_national_id_duplicate_inside_same_company_when_present" time="0.044" /><testcase classname="src.tests.test_parties_models" name="test_party_allows_same_identifiers_in_different_companies" time="0.073" /><testcase classname="src.tests.test_parties_models" name="test_party_rejects_holding_or_branch_as_company_scope" time="0.045" /><testcase classname="src.tests.test_parties_models" name="test_party_roles_allow_multiple_business_roles_and_reject_duplicate_active_role" time="0.067" /><testcase classname="src.tests.test_parties_services" name="test_create_party_service_emits_audit_event_only" time="0.062" /><testcase classname="src.tests.test_parties_services" name="test_update_party_service_emits_audit_event_only" time="0.094" /><testcase classname="src.tests.test_parties_services" name="test_assign_and_revoke_party_role_services_emit_audit_events_only" time="0.201" /><testcase classname="src.tests.test_parties_services" name="test_party_services_reject_request_company_mismatch" time="0.058" /><testcase classname="src.tests.test_parties_services" name="test_create_party_rolls_back_when_audit_writer_fails" time="0.077" /><testcase classname="src.tests.test_parties_services" name="test_update_party_rolls_back_when_audit_writer_fails" time="0.067" /><testcase classname="src.tests.test_parties_services" name="test_assign_party_role_rolls_back_when_audit_writer_fails" time="0.066" /><testcase classname="src.tests.test_parties_services" name="test_revoke_party_role_rolls_back_when_audit_writer_fails" time="0.081" /><testcase classname="src.tests.test_parties_services" name="test_party_admin_is_read_only_and_blocks_direct_writes" time="0.061" /><testcase classname="src.tests.test_parties_services" name="test_party_role_admin_is_read_only_and_blocks_direct_writes" time="0.093" /><testcase classname="src.tests.test_payments_services" name="test_capture_payment_intent_for_scope_raises_not_found" time="0.059" /><testcase classname="src.tests.test_payments_services" name="test_capture_payment_intent_for_scope_raises_invalid_state" time="0.061" /><testcase classname="src.tests.test_payments_services" name="test_reverse_captured_payment_intent_for_scope_refunds_transfer_and_emits_event_once" time="0.117" /><testcase classname="src.tests.test_payments_services" name="test_reverse_captured_payment_intent_for_scope_replay_is_idempotent" time="0.096" /><testcase classname="src.tests.test_payments_services" name="test_reverse_captured_payment_intent_for_scope_rejects_different_replay_key" time="0.095" /><testcase classname="src.tests.test_payments_services" name="test_reverse_captured_payment_intent_for_scope_blocks_cash_tender[CASH]" time="0.052" /><testcase classname="src.tests.test_payments_services" name="test_reverse_captured_payment_intent_allowed_for_electronic_methods[CARD]" time="0.082" /><testcase classname="src.tests.test_payments_services" name="test_reverse_captured_payment_intent_allowed_for_electronic_methods[CREDIT]" time="0.115" /><testcase classname="src.tests.test_payments_services" name="test_reverse_captured_payment_intent_allowed_for_electronic_methods[TRANSFER]" time="0.113" /><testcase classname="src.tests.test_payments_services" name="test_reverse_captured_payment_intent_for_scope_rejects_non_captured_states[INTENDED]" time="0.055" /><testcase classname="src.tests.test_payments_services" name="test_reverse_captured_payment_intent_for_scope_rejects_non_captured_states[AUTHORIZED]" time="0.047" /><testcase classname="src.tests.test_payments_services" name="test_reverse_captured_payment_intent_for_scope_rejects_non_captured_states[FAILED]" time="0.037" /><testcase classname="src.tests.test_payments_services" name="test_reverse_captured_payment_intent_for_scope_rejects_non_captured_states[REFUNDED]" time="0.030" /><testcase classname="src.tests.test_payments_services" name="test_reverse_captured_payment_intent_for_scope_requires_original_payment_captured_event" time="0.053" /><testcase classname="src.tests.test_payments_services" name="test_open_cash_session_for_scope_raises_conflict_if_open_exists" time="0.031" /><testcase classname="src.tests.test_payments_services" name="test_create_payment_intent_wrapper_requires_branch_scope" time="0.024" /><testcase classname="src.tests.test_payments_services" name="test_open_cash_session_for_scope_requires_actor_with_non_null_id" time="0.031" /><testcase classname="src.tests.test_payments_services" name="test_post_cash_movement_for_scope_is_idempotent_and_updates_expected_amount_once" time="0.069" /><testcase classname="src.tests.test_payments_services" name="test_post_cash_movement_for_scope_rejects_idempotency_payload_mismatch" time="0.084" /><testcase classname="src.tests.test_phase10_procurement_4b" name="test_phase10_procurement_api_create_post_void_and_outbox" time="0.287" /><testcase classname="src.tests.test_phase10_procurement_4b" name="test_phase10_procurement_shadow_projection_is_deterministic" time="0.315" /><testcase classname="src.tests.test_phase10_procurement_4b" name="test_phase10_projection_ignores_fx_revaluation_ruleset" time="0.252" /><testcase classname="src.tests.test_phase11_intercompany_advanced" name="test_f11_dispute_requires_reason_and_evidence" time="0.545" /><testcase classname="src.tests.test_phase11_intercompany_advanced" name="test_f11_settlement_zero_tolerance_keeps_disputed" time="0.535" /><testcase classname="src.tests.test_phase11_intercompany_advanced" name="test_f11_sla_escalation_dedupe_cycle" time="1.125" /><testcase classname="src.tests.test_phase11_intercompany_advanced" name="test_f11_env_manifest_and_gate_commands" time="0.885" /><testcase classname="src.tests.test_phase1_operational_contracts" name="test_credit_note_issue_emits_contract_fields_and_correlation" time="0.157" /><testcase classname="src.tests.test_phase1_operational_contracts" name="test_document_issue_is_idempotent_without_duplicate_documentissued_event" time="0.135" /><testcase classname="src.tests.test_phase1_operational_contracts" name="test_document_void_emits_contract_fields_and_correlation" time="0.218" /><testcase classname="src.tests.test_phase1_operational_contracts" name="test_inventory_receive_idempotent_and_contract_fields_present" time="0.134" /><testcase classname="src.tests.test_phase2_canonical_events" name="test_billing_and_inventory_publish_canonical_outbox_events" time="0.399" /><testcase classname="src.tests.test_phase2_cec_integration_api" name="test_cec_and_integration_endpoints_flow" time="0.349" /><testcase classname="src.tests.test_phase2_payments_api" name="test_payments_intent_cash_session_and_outbox" time="0.300" /><testcase classname="src.tests.test_phase2_payments_api" name="test_payments_reverse_capture_api_is_idempotent_for_transfer" time="0.156" /><testcase classname="src.tests.test_phase2_payments_api" name="test_payments_reverse_capture_api_requires_permission" time="0.119" /><testcase classname="src.tests.test_phase2_payments_api" name="test_payments_reverse_capture_api_validates_and_maps_domain_errors" time="0.148" /><testcase classname="src.tests.test_phase2_payments_api" name="test_payments_close_returns_404_for_nonexistent_session" time="0.090" /><testcase classname="src.tests.test_phase2_payments_api" name="test_payments_open_returns_409_when_session_is_already_open" time="0.127" /><testcase classname="src.tests.test_phase2_payments_api" name="test_payments_movement_returns_409_for_closed_session_state" time="0.091" /><testcase classname="src.tests.test_phase2_payments_api" name="test_payments_domain_error_fallback_stays_400_for_unknown_subtype" time="0.080" /><testcase classname="src.tests.test_phase2_payments_api" name="test_payments_cash_movement_api_is_idempotent_and_audited" time="0.221" /><testcase classname="src.tests.test_phase2_payments_api" name="test_payments_cash_movement_api_without_idempotency_key_preserves_duplicate_behavior" time="0.175" /><testcase classname="src.tests.test_phase3_cec_execute_api" name="test_cec_execute_success_and_summary_endpoint" time="0.231" /><testcase classname="src.tests.test_phase3_cec_execute_api" name="test_cec_billing_cash_reconciliation_counts_only_cash_fuel_sales" time="0.219" /><testcase classname="src.tests.test_phase3_cec_execute_api" name="test_cec_prefers_billing_payment_method_snapshot_before_source_lookup" time="0.234" /><testcase classname="src.tests.test_phase3_cec_execute_api" name="test_cec_transfer_and_credit_fuel_sales_do_not_create_cash_mismatch" time="0.258" /><testcase classname="src.tests.test_phase3_cec_execute_api" name="test_cec_card_billing_snapshot_is_non_cash_without_source_lookup" time="0.224" /><testcase classname="src.tests.test_phase3_cec_execute_api" name="test_cec_cash_fuel_sale_mismatch_still_blocks_strict_close" time="0.251" /><testcase classname="src.tests.test_phase3_cec_execute_api" name="test_cec_unknown_tender_billing_is_reported_but_not_counted_as_cash_expected" time="0.199" /><testcase classname="src.tests.test_phase3_cec_execute_api" name="test_cec_unknown_tender_cash_is_tolerated_and_reported_without_cash_expected" time="0.276" /><testcase classname="src.tests.test_phase3_cec_execute_api" name="test_cec_payment_captured_event_does_not_affect_cash_reconciliation" time="0.190" /><testcase classname="src.tests.test_phase3_cec_execute_api" name="test_cec_execute_blocked_when_cash_difference_exists" time="0.263" /><testcase classname="src.tests.test_phase3_cec_execute_api" name="test_cec_execute_with_strict_false_still_blocks_cash_difference" time="0.295" /><testcase classname="src.tests.test_phase3_cec_execute_api" name="test_cec_advance_rejects_invalid_transition_with_409" time="0.148" /><testcase classname="src.tests.test_phase3_cec_orchestrator" name="test_cec_orchestrator_dedupes_exceptions_and_manifest_is_reproducible" time="0.205" /><testcase classname="src.tests.test_phase3_outbox_dispatcher" name="test_outbox_dispatcher_marks_sent_on_success" time="0.018" /><testcase classname="src.tests.test_phase3_outbox_dispatcher" name="test_outbox_dispatcher_retries_with_exponential_backoff" time="0.017" /><testcase classname="src.tests.test_phase3_outbox_dispatcher" name="test_outbox_dispatcher_moves_to_failed_after_max_attempts" time="0.021" /><testcase classname="src.tests.test_phase3_outbox_dispatcher" name="test_inbox_idempotency_unique_per_event_consumer" time="0.011" /><testcase classname="src.tests.test_phase3_outbox_dispatcher" name="test_dispatch_outbox_command_dispatches_pending_events" time="0.057" /><testcase classname="src.tests.test_phase3_outbox_dispatcher" name="test_dispatch_outbox_leaves_operational_event_pending_without_explicit_sender" time="0.034" /><testcase classname="src.tests.test_phase3_outbox_dispatcher" name="test_outbox_health_reports_pending_retry_failed_and_oldest_age" time="0.025" /><testcase classname="src.tests.test_phase3_outbox_dispatcher" name="test_dispatch_outbox_health_only_is_read_only_and_json_parseable" time="0.033" /><testcase classname="src.tests.test_phase3_outbox_dispatcher" name="test_dispatch_outbox_command_json_emits_dispatch_and_health_summary" time="0.045" /><testcase classname="src.tests.test_phase3_outbox_dispatcher" name="test_accounting_dispatch_links_operational_accounting_without_duplicates_or_auto_post" time="0.156" /><testcase classname="src.tests.test_phase3_outbox_dispatcher" name="test_dispatch_outbox_no_local_consumers_preserves_explicit_external_mode" time="0.081" /><testcase classname="src.tests.test_phase4_go_live_gate" name="test_verify_phase4_go_live_passes" time="0.060" /><testcase classname="src.tests.test_phase4_go_live_gate" name="test_verify_phase4_go_live_fails_on_drift" time="0.061" /><testcase classname="src.tests.test_phase4_go_live_gate" name="test_verify_phase4_go_live_fails_on_inbox_failed" time="0.060" /><testcase classname="src.tests.test_phase4_operational_certification" name="test_phase4_manifest_export_and_compare_ok" time="0.064" /><testcase classname="src.tests.test_phase4_operational_certification" name="test_phase4_manifest_compare_detects_drift" time="0.060" /><testcase classname="src.tests.test_phase4_operational_certification" name="test_certify_shadow_ledger_run_happy_path" time="0.247" /><testcase classname="src.tests.test_phase4_operational_certification" name="test_certify_shadow_ledger_run_blocked_path" time="0.117" /><testcase classname="src.tests.test_phase4_shadow_ledger" name="test_seed_posting_rules_v1_is_idempotent" time="0.050" /><testcase classname="src.tests.test_phase4_shadow_ledger" name="test_project_shadow_ledger_fallbacks_to_shadow_prefix_when_rule_family_missing" time="0.120" /><testcase classname="src.tests.test_phase4_shadow_ledger" name="test_project_shadow_ledger_strict_mode_blocks_prefix_fallback" time="0.121" /><testcase classname="src.tests.test_phase4_shadow_ledger" name="test_project_shadow_ledger_disables_prefix_fallback_by_default" time="0.129" /><testcase classname="src.tests.test_phase4_shadow_ledger" name="test_project_shadow_ledger_prioritizes_shadow_rule_family" time="0.119" /><testcase classname="src.tests.test_phase4_shadow_ledger" name="test_shadow_ledger_hard_cut_readiness_reports_legacy_rulesets" time="0.048" /><testcase classname="src.tests.test_phase4_shadow_ledger" name="test_project_shadow_ledger_for_run_generates_economic_events_and_valid_drafts" time="0.210" /><testcase classname="src.tests.test_phase4_shadow_ledger" name="test_project_shadow_ledger_generates_draft_for_cash_movement_posted" time="0.129" /><testcase classname="src.tests.test_phase4_shadow_ledger" name="test_project_shadow_ledger_generates_draft_for_cash_session_closed_difference" time="0.117" /><testcase classname="src.tests.test_phase4_shadow_ledger" name="test_project_shadow_ledger_generates_draft_for_transfer_payment_captured" time="0.120" /><testcase classname="src.tests.test_phase4_shadow_ledger" name="test_project_shadow_ledger_generates_draft_for_transfer_payment_capture_reversed" time="0.117" /><testcase classname="src.tests.test_phase4_shadow_ledger" name="test_project_shadow_ledger_reprocess_payment_captured_transfer_is_idempotent" time="0.199" /><testcase classname="src.tests.test_phase4_shadow_ledger" name="test_project_shadow_ledger_ignores_non_transfer_payment_captured[CASH]" time="0.113" /><testcase classname="src.tests.test_phase4_shadow_ledger" name="test_project_shadow_ledger_ignores_non_transfer_payment_captured[CREDIT]" time="0.076" /><testcase classname="src.tests.test_phase4_shadow_ledger" name="test_project_shadow_ledger_ignores_non_transfer_payment_captured[CARD]" time="0.087" /><testcase classname="src.tests.test_phase4_shadow_ledger" name="test_project_shadow_ledger_ignores_non_transfer_payment_captured[]" time="0.084" /><testcase classname="src.tests.test_phase4_shadow_ledger" name="test_project_shadow_ledger_cash_payment_captured_does_not_duplicate_cash_movement" time="0.117" /><testcase classname="src.tests.test_phase4_shadow_ledger" name="test_project_shadow_ledger_reopens_run_when_ruleset_is_missing" time="0.107" /><testcase classname="src.tests.test_phase4_shadow_ledger" name="test_project_shadow_ledger_batch_uses_inbox_idempotency" time="0.135" /><testcase classname="src.tests.test_phase4_shadow_ledger" name="test_project_shadow_ledger_batch_skips_non_packaged_run_without_failed_inbox" time="0.060" /><testcase classname="src.tests.test_phase4_shadow_ledger_cycle_command" name="test_run_shadow_ledger_cycle_ok" time="0.180" /><testcase classname="src.tests.test_phase4_shadow_ledger_cycle_command" name="test_run_shadow_ledger_cycle_fails_with_failed_inbox" time="0.058" /><testcase classname="src.tests.test_phase5_accounting_api" name="test_accounting_api_happy_path_approve_post_and_close_period" time="0.623" /><testcase classname="src.tests.test_phase5_accounting_api" name="test_accounting_api_post_returns_409_when_sod_same_approver_and_no_override" time="0.225" /><testcase classname="src.tests.test_phase5_accounting_api" name="test_accounting_api_post_returns_409_when_strict_and_period_is_closed" time="0.263" /><testcase classname="src.tests.test_phase5_accounting_api" name="test_accounting_api_close_period_returns_409_with_pending_drafts" time="0.223" /><testcase classname="src.tests.test_phase5_accounting_api" name="test_accounting_api_close_period_force_allows_pending_drafts_only" time="0.240" /><testcase classname="src.tests.test_phase5_accounting_api" name="test_accounting_api_close_period_force_still_blocks_failed_outbox" time="0.295" /><testcase classname="src.tests.test_phase5_accounting_api" name="test_accounting_api_close_period_force_blocks_failed_accounting_outbox" time="0.315" /><testcase classname="src.tests.test_phase5_accounting_api" name="test_accounting_api_close_period_force_blocks_operational_reconciliation_mismatch" time="0.129" /><testcase classname="src.tests.test_phase5_accounting_api" name="test_accounting_api_close_period_force_blocks_draft_exception" time="0.242" /><testcase classname="src.tests.test_phase5_accounting_api" name="test_accounting_api_close_period_sod_blocks_same_poster_without_override" time="0.355" /><testcase classname="src.tests.test_phase5_accounting_api" name="test_accounting_api_reverse_journal_entry_happy_and_idempotent" time="0.399" /><testcase classname="src.tests.test_phase5_accounting_api" name="test_accounting_api_reverse_sod_blocks_same_poster_without_override" time="0.410" /><testcase classname="src.tests.test_phase5_accounting_api" name="test_accounting_api_reverse_allows_override_and_blocks_closed_period" time="0.372" /><testcase classname="src.tests.test_phase5_accounting_api" name="test_accounting_api_reverse_batch_by_run_happy_and_idempotent" time="0.559" /><testcase classname="src.tests.test_phase5_accounting_api" name="test_accounting_api_reverse_batch_strict_conflict_and_override_flow" time="0.444" /><testcase classname="src.tests.test_phase5_accounting_api" name="test_accounting_api_reverse_batch_requires_permission" time="0.139" /><testcase classname="src.tests.test_phase5_accounting_api" name="test_accounting_api_requires_permission_for_approve" time="0.087" /><testcase classname="src.tests.test_phase5_operational_rollout_tools" name="test_export_operational_load_snapshot_writes_expected_shape" time="0.082" /><testcase classname="src.tests.test_phase5_operational_rollout_tools" name="test_manage_operational_posting_pilot_stage_and_rollback" time="0.173" /><testcase classname="src.tests.test_phase5_posting_controlled" name="test_post_journal_drafts_posts_and_is_idempotent" time="0.254" /><testcase classname="src.tests.test_phase5_posting_controlled" name="test_post_journal_drafts_blocks_closed_period" time="0.228" /><testcase classname="src.tests.test_phase5_posting_controlled" name="test_post_journal_drafts_require_approved_and_auto_approve" time="0.177" /><testcase classname="src.tests.test_phase5_posting_controlled" name="test_approve_journal_drafts_command" time="0.169" /><testcase classname="src.tests.test_phase5_posting_controlled" name="test_close_fiscal_period_requires_no_pending_drafts" time="0.308" /><testcase classname="src.tests.test_phase5_posting_controlled" name="test_close_fiscal_period_force_allows_pending_drafts_if_no_other_gates_fail" time="0.165" /><testcase classname="src.tests.test_phase5_posting_controlled" name="test_close_fiscal_period_force_blocks_when_failed_outbox_exists" time="0.258" /><testcase classname="src.tests.test_phase5_posting_controlled" name="test_close_fiscal_period_force_blocks_when_accounting_outbox_failed" time="0.274" /><testcase classname="src.tests.test_phase5_posting_controlled" name="test_close_fiscal_period_force_blocks_when_operational_events_are_unlinked" time="0.060" /><testcase classname="src.tests.test_phase5_posting_controlled" name="test_close_fiscal_period_force_blocks_when_draft_exception_exists" time="0.140" /><testcase classname="src.tests.test_phase5_posting_controlled" name="test_reconcile_operational_vs_accounting_includes_payments_cash_movement" time="0.130" /><testcase classname="src.tests.test_phase5_posting_controlled" name="test_reconcile_operational_vs_accounting_excludes_unknown_payment_captured" time="0.036" /><testcase classname="src.tests.test_phase5_posting_controlled" name="test_reconcile_operational_vs_accounting_includes_transfer_capture_and_reversal" time="0.155" /><testcase classname="src.tests.test_phase5_posting_controlled" name="test_transfer_payment_settlement_snapshot_summarizes_transfer_visibility_without_mutation" time="0.220" /><testcase classname="src.tests.test_phase5_posting_controlled" name="test_payment_capture_reversed_transfer_is_not_operational_auto_posted" time="0.040" /><testcase classname="src.tests.test_phase5_posting_controlled" name="test_period_close_gates_include_failed_payments_outbox" time="0.060" /><testcase classname="src.tests.test_phase5_posting_controlled" name="test_reverse_journal_entry_command_is_idempotent" time="0.220" /><testcase classname="src.tests.test_phase5_posting_controlled" name="test_reverse_journal_entries_batch_command_by_run" time="0.365" /><testcase classname="src.tests.test_phase6_adapter_b_readiness" name="test_phase6_branch_config_issue_and_print_worker_happy_path" time="0.367" /><testcase classname="src.tests.test_phase6_adapter_b_readiness" name="test_phase6_print_worker_retries_and_contingency_after_max_attempts" time="0.366" /><testcase classname="src.tests.test_phase6_adapter_b_readiness" name="test_phase6_void_from_failed_print_returns_conflict_409" time="0.340" /><testcase classname="src.tests.test_phase6_adapter_b_readiness" name="test_phase6_contingency_resolve_retry_print_endpoint" time="0.417" /><testcase classname="src.tests.test_phase6_adapter_b_readiness" name="test_phase6_cec_gate_blocks_on_fiscal_b_failed_print" time="0.429" /><testcase classname="src.tests.test_phase6_adapter_b_readiness" name="test_phase6_adapter_resolution_fallback_and_branch_override" time="0.034" /><testcase classname="src.tests.test_phase6_go_live_toolchain" name="test_phase6_manifest_export_and_compare_ok" time="0.102" /><testcase classname="src.tests.test_phase6_go_live_toolchain" name="test_phase6_manifest_compare_detects_drift" time="0.079" /><testcase classname="src.tests.test_phase6_go_live_toolchain" name="test_certify_adapter_b_run_happy_and_blocked" time="0.755" /><testcase classname="src.tests.test_phase6_go_live_toolchain" name="test_verify_phase6_go_live_passes" time="0.508" /><testcase classname="src.tests.test_phase6_go_live_toolchain" name="test_run_adapter_b_cycle_fails_when_threshold_exceeded" time="0.548" /><testcase classname="src.tests.test_phase7a_gl_core" name="test_phase7_posting_creates_journal_entry_lines" time="0.180" /><testcase classname="src.tests.test_phase7a_gl_core" name="test_phase7_posting_fails_when_coa_missing_account" time="0.271" /><testcase classname="src.tests.test_phase7a_gl_core" name="test_phase7_reversal_creates_journal_entry_lines" time="0.203" /><testcase classname="src.tests.test_phase7a_gl_core" name="test_phase7_reversal_fails_when_coa_missing_account" time="0.182" /><testcase classname="src.tests.test_phase7a_gl_core" name="test_phase7_reporting_api_endpoints_work" time="0.475" /><testcase classname="src.tests.test_phase7a_gl_core" name="test_phase7_fx_revaluation_executes_and_is_idempotent" time="0.163" /><testcase classname="src.tests.test_phase7a_gl_core" name="test_phase7_close_period_blocks_same_actor_who_ran_revaluation" time="0.095" /><testcase classname="src.tests.test_phase7a_gl_core" name="test_phase7_toolchain_commands_work" time="2.765" /><testcase classname="src.tests.test_phase7b_intercompany_consolidation" name="test_phase7b_intercompany_lifecycle_service" time="0.269" /><testcase classname="src.tests.test_phase7b_intercompany_consolidation" name="test_phase7b_consolidation_happy_path_and_idempotent" time="0.190" /><testcase classname="src.tests.test_phase7b_intercompany_consolidation" name="test_phase7b_consolidation_orders_intercompany_by_effective_at_then_created_at" time="0.230" /><testcase classname="src.tests.test_phase7b_intercompany_consolidation" name="test_phase7b_consolidation_blocked_when_intercompany_account_codes_missing" time="0.178" /><testcase classname="src.tests.test_phase7b_intercompany_consolidation" name="test_phase7b_intercompany_api_and_consolidation_reports" time="0.533" /><testcase classname="src.tests.test_phase7b_intercompany_consolidation" name="test_phase7b_intercompany_create_api_accepts_effective_at" time="0.166" /><testcase classname="src.tests.test_phase7b_intercompany_consolidation" name="test_phase7b_intercompany_default_effective_at_uses_open_period" time="0.083" /><testcase classname="src.tests.test_phase7b_intercompany_consolidation" name="test_phase7b_intercompany_default_effective_at_from_source_period_uses_midnight" time="0.109" /><testcase classname="src.tests.test_phase7b_intercompany_consolidation" name="test_phase7b_intercompany_dispute_and_settle_api" time="0.446" /><testcase classname="src.tests.test_phase7b_intercompany_consolidation" name="test_phase7b_certification_and_go_live_commands" time="0.251" /><testcase classname="src.tests.test_phase7b_intercompany_consolidation" name="test_phase7b_write_governance_requires_intercompany_grants" time="0.172" /><testcase classname="src.tests.test_phase7b_intercompany_consolidation" name="test_staging_first_preflight_snapshot_and_explain_commands" time="0.254" /><testcase classname="src.tests.test_phase8_go_live_toolchain" name="test_phase8_manifest_export_compare_and_drift" time="0.116" /><testcase classname="src.tests.test_phase8_go_live_toolchain" name="test_phase8_cutover_and_burnin_commands" time="0.323" /><testcase classname="src.tests.test_phase8_go_live_toolchain" name="test_phase8_precutover_and_rollback_commands" time="0.194" /><testcase classname="src.tests.test_phase8_go_live_toolchain" name="test_phase8_accountant_review_and_signoff_commands" time="0.033" /><testcase classname="src.tests.test_phase8_go_live_toolchain" name="test_verify_phase8_burn_in_uses_filename_day_for_smoke" time="0.011" /><testcase classname="src.tests.test_phase9_to_phase12_toolchain" name="test_phase9_toolchain_commands" time="1.156" /><testcase classname="src.tests.test_phase9_to_phase12_toolchain" name="test_phase10_toolchain_commands" time="0.620" /><testcase classname="src.tests.test_phase9_to_phase12_toolchain" name="test_phase11_and_phase12_toolchain_commands" time="0.897" /><testcase classname="src.tests.test_procurement_party_link" name="test_create_purchase_draft_accepts_supplier_party_same_company" time="0.091" /><testcase classname="src.tests.test_procurement_party_link" name="test_create_purchase_draft_rejects_supplier_party_from_other_company" time="0.056" /><testcase classname="src.tests.test_procurement_party_link" name="test_purchase_document_model_rejects_supplier_party_company_mismatch" time="0.097" /><testcase classname="src.tests.test_procurement_party_link" name="test_create_purchase_draft_keeps_legacy_mode_without_supplier_party" time="0.042" /><testcase classname="src.tests.test_procurement_party_link" name="test_create_purchase_draft_ensures_supplier_party_role_without_duplicates" time="0.150" /><testcase classname="src.tests.test_procurement_party_link" name="test_create_purchase_draft_reuses_existing_supplier_party_role" time="0.075" /><testcase classname="src.tests.test_procurement_party_link" name="test_create_purchase_draft_rolls_back_when_supplier_role_assignment_fails" time="0.054" /><testcase classname="src.tests.test_procurement_party_link" name="test_create_purchase_draft_idempotency_with_supplier_party_keeps_single_doc_and_role" time="0.085" /><testcase classname="src.tests.test_procurement_party_link" name="test_post_and_void_include_supplier_party_id_without_creating_financial_domains" time="0.152" /><testcase classname="src.tests.test_procurement_party_link" name="test_procurement_api_accepts_supplier_party_and_detail_returns_safe_party_fields" time="0.207" /><testcase classname="src.tests.test_procurement_party_link" name="test_procurement_api_rejects_cross_company_supplier_party" time="0.182" /><testcase classname="src.tests.test_provision_user" name="test_provision_user_success" time="0.129" /><testcase classname="src.tests.test_provision_user" name="test_provision_user_no_assignment_fails" time="0.085" /><testcase classname="src.tests.test_rbac_list_endpoints" name="test_rbac_roles_list_returns_roles" time="0.088" /><testcase classname="src.tests.test_rbac_list_endpoints" name="test_rbac_permissions_list_returns_permissions" time="0.082" /><testcase classname="src.tests.test_rbac_list_endpoints" name="test_rbac_roles_list_denied_without_permission_audited" time="0.172" /><testcase classname="src.tests.test_reporting_domain_adapters.TestBillingAdapter" name="test_empty_billing_returns_valid_envelope" time="0.064" /><testcase classname="src.tests.test_reporting_domain_adapters.TestBillingAdapter" name="test_billing_with_documents" time="0.090" /><testcase classname="src.tests.test_reporting_domain_adapters.TestBillingAdapter" name="test_billing_unsupported_dataset" time="0.049" /><testcase classname="src.tests.test_reporting_domain_adapters.TestInventoryAdapter" name="test_empty_stock_balance" time="0.038" /><testcase classname="src.tests.test_reporting_domain_adapters.TestInventoryAdapter" name="test_stock_balance_with_data" time="0.032" /><testcase classname="src.tests.test_reporting_domain_adapters.TestInventoryAdapter" name="test_empty_movements" time="0.028" /><testcase classname="src.tests.test_reporting_domain_adapters.TestInventoryAdapter" name="test_movements_with_data" time="0.037" /><testcase classname="src.tests.test_reporting_domain_adapters.TestInventoryAdapter" name="test_inventory_unsupported_dataset" time="0.021" /><testcase classname="src.tests.test_reporting_domain_adapters.TestInventoryAdapter" name="test_stock_balance_total_uses_unrounded_accumulation" time="0.039" /><testcase classname="src.tests.test_reporting_domain_adapters.TestHRAdapter" name="test_empty_headcount" time="0.027" /><testcase classname="src.tests.test_reporting_domain_adapters.TestHRAdapter" name="test_headcount_with_data" time="0.037" /><testcase classname="src.tests.test_reporting_domain_adapters.TestHRAdapter" name="test_hr_unsupported_dataset" time="0.021" /><testcase classname="src.tests.test_reporting_domain_adapters.TestHRAdapter" name="test_headcount_as_of_respects_started_and_ended_at" time="0.054" /><testcase classname="src.tests.test_reporting_domain_adapters.TestPaymentsAdapter" name="test_empty_collection" time="0.043" /><testcase classname="src.tests.test_reporting_domain_adapters.TestPaymentsAdapter" name="test_collection_with_data" time="0.063" /><testcase classname="src.tests.test_reporting_domain_adapters.TestPaymentsAdapter" name="test_payments_unsupported_dataset" time="0.051" /><testcase classname="src.tests.test_reporting_domain_adapters.TestPaymentsAdapter" name="test_payments_global_cash_session_measures_stay_in_totals" time="0.077" /><testcase classname="src.tests.test_reporting_domain_adapters.TestProcurementAdapter" name="test_empty_purchases" time="0.052" /><testcase classname="src.tests.test_reporting_domain_adapters.TestProcurementAdapter" name="test_purchases_with_data" time="0.045" /><testcase classname="src.tests.test_reporting_domain_adapters.TestProcurementAdapter" name="test_procurement_unsupported_dataset" time="0.027" /><testcase classname="src.tests.test_reporting_domain_adapters.TestRegistryCompleteness" name="test_all_new_datasets_registered" time="0.008" /><testcase classname="src.tests.test_reporting_domain_adapters.TestRegistryCompleteness" name="test_total_dataset_count_is_14" time="0.008" /><testcase classname="src.tests.test_reporting_execution_diagnostics" name="test_execute_dataset_enforces_scope_permissions_and_persists_snapshot" time="0.089" /><testcase classname="src.tests.test_reporting_execution_diagnostics" name="test_execute_dataset_records_failed_run_for_unknown_domain_owner" time="0.032" /><testcase classname="src.tests.test_reporting_r8_metrics_and_legacy" name="test_metrics_endpoint_includes_reporting_and_dashboard_blocks" time="0.120" /><testcase classname="src.tests.test_reporting_r8_metrics_and_legacy" name="test_accounting_reports_legacy_prefix_emits_deprecation_headers" time="0.121" /><testcase classname="src.tests.test_retail_pos_api" name="test_retail_pos_end_to_end_checkout_void_and_cockpit" time="1.183" /><testcase classname="src.tests.test_retail_pos_api" name="test_retail_pos_transfer_checkout_snapshots_payment_method_without_cash_movement" time="0.617" /><testcase classname="src.tests.test_retail_pos_api" name="test_retail_pos_void_refund_is_idempotent_on_retry" time="0.902" /><testcase classname="src.tests.test_retail_pos_api" name="test_retail_pos_void_reuses_existing_refund_idempotency_key" time="0.841" /><testcase classname="src.tests.test_retail_pos_api" name="test_retail_pos_void_does_not_refund_when_fuel_cancel_remains_compensating" time="0.695" /><testcase classname="src.tests.test_retail_pos_api" name="test_retail_pos_void_rejects_checkout_pending_without_side_effects" time="0.338" /><testcase classname="src.tests.test_retail_pos_api" name="test_retail_pos_peripherals_upsert_and_list" time="0.146" /><testcase classname="src.tests.test_retail_pos_api" name="test_retail_pos_edge_handshake_and_capability_registry" time="0.232" /><testcase classname="src.tests.test_retail_pos_api" name="test_retail_pos_edge_handshake_rejects_bad_signature" time="0.177" /><testcase classname="src.tests.test_retail_pos_api" name="test_retail_pos_checkout_compensation_retry_flow" time="0.716" /><testcase classname="src.tests.test_retail_pos_api" name="test_retail_pos_compensation_retry_error_codes" time="0.288" /><testcase classname="src.tests.test_retail_pos_api" name="test_run_pos_compensation_cycle_command_with_scope_filters" time="0.455" /><testcase classname="src.tests.test_retail_pos_api" name="test_pos_compensation_exhausted_ticket_is_visible_and_manual_retry_still_closes" time="0.895" /><testcase classname="src.tests.test_retail_pos_api" name="test_pos_compensation_retry_reuses_sale_payment_and_cash_after_cash_failure" time="0.713" /><testcase classname="src.tests.test_retail_pos_api" name="test_pos_compensation_retry_does_not_duplicate_pos_outbox_or_audit_after_late_failure" time="0.755" /><testcase classname="src.tests.test_retail_pos_customer_party" name="test_pos_open_with_customer_party_persists_and_checkout_propagates_to_fuel_billing" time="0.774" /><testcase classname="src.tests.test_retail_pos_customer_party" name="test_pos_open_rejects_cross_company_customer_party_without_checkout_side_effects" time="0.273" /><testcase classname="src.tests.test_retail_pos_customer_party" name="test_pos_compensation_retry_reuses_persisted_customer_party" time="0.734" /><testcase classname="src.tests.test_retail_pos_customer_party" name="test_pos_transfer_checkout_with_customer_party_does_not_create_cash_movement" time="0.708" /><testcase classname="src.tests.test_seed_rbac_v01_command" name="test_seed_rbac_v01_command_creates_role_permissions_and_audit" time="2.502" /><testcase classname="src.tests.test_sync_billing_handlers_advanced" name="test_billing_sync_handlers_create_issue_pay_order_and_idempotency" time="0.231" /><testcase classname="src.tests.test_sync_billing_handlers_advanced" name="test_billing_sync_handlers_reject_schema_and_scope_errors" time="0.063" /><testcase classname="src.tests.test_sync_billing_handlers_advanced" name="test_billing_sync_error_mapping_preserves_contract_reason_codes" time="0.009" /><testcase classname="src.tests.test_sync_device_enrollment_flow" name="test_enrollment_challenge_create_requires_permission_and_context" time="0.162" /><testcase classname="src.tests.test_sync_device_enrollment_flow" name="test_enrollment_challenge_respects_branch_scope" time="0.129" /><testcase classname="src.tests.test_sync_device_enrollment_flow" name="test_enrollment_challenge_company_scope_can_target_company_or_branch" time="0.123" /><testcase classname="src.tests.test_sync_device_enrollment_flow" name="test_device_enroll_valid_invalid_expired_and_used_code" time="0.152" /><testcase classname="src.tests.test_sync_device_enrollment_flow" name="test_device_enroll_invalid_public_key_is_audited" time="0.021" /><testcase classname="src.tests.test_sync_device_enrollment_flow" name="test_device_enroll_ignores_accidental_invalid_jwt" time="0.042" /><testcase classname="src.tests.test_sync_device_enrollment_flow" name="test_device_enroll_invalid_code_with_accidental_jwt_keeps_enrollment_audit" time="0.037" /><testcase classname="src.tests.test_sync_device_enrollment_flow" name="test_device_enroll_ignores_cookie_csrf_noise" time="0.051" /><testcase classname="src.tests.test_sync_device_enrollment_flow" name="test_enrollment_challenge_admin_endpoint_still_rejects_invalid_jwt" time="0.044" /><testcase classname="src.tests.test_sync_devices_list" name="test_sync_devices_list_returns_devices_for_company" time="0.095" /><testcase classname="src.tests.test_sync_devices_list" name="test_sync_devices_list_respects_branch_scope" time="0.140" /><testcase classname="src.tests.test_sync_devices_list" name="test_sync_device_revoke_respects_branch_scope" time="0.230" /><testcase classname="src.tests.test_sync_devices_list" name="test_sync_devices_list_denied_without_permission_is_audited" time="0.110" /><testcase classname="src.tests.test_sync_pos_handlers_diagnostics" name="test_pos_handlers_payment_intent_is_idempotent_and_captures" time="0.303" /><testcase classname="src.tests.test_sync_pos_handlers_diagnostics" name="test_pos_handlers_void_and_cash_count_update_operational_state" time="0.902" /><testcase classname="src.tests.test_sync_pos_handlers_diagnostics" name="test_pos_handlers_reject_actor_scope_and_schema_before_side_effects" time="0.053" /><testcase classname="src.tests.test_sync_v2_contract" name="test_sync_batch_v2_ed25519_happy_and_replay" time="0.105" /><testcase classname="src.tests.test_sync_v2_contract" name="test_sync_batch_v2_rejects_bad_signature" time="0.062" /><testcase classname="src.tests.test_sync_v2_contract" name="test_sync_batch_v2_ignores_accidental_invalid_jwt_on_valid_device_auth" time="0.064" /><testcase classname="src.tests.test_sync_v2_contract" name="test_sync_batch_v2_ignores_cookie_csrf_noise_on_valid_device_auth" time="0.081" /><testcase classname="src.tests.test_sync_v2_contract" name="test_sync_batch_v2_bad_signature_with_accidental_jwt_uses_device_auth_audit" time="0.059" /><testcase classname="src.tests.test_sync_v2_contract" name="test_sync_batch_v2_audits_timestamp_skew" time="0.055" /><testcase classname="src.tests.test_sync_v2_contract" name="test_sync_batch_v2_audits_device_id_mismatch" time="0.058" /><testcase classname="src.tests.test_sync_v2_contract" name="test_sync_batch_v2_audits_unknown_device" time="0.062" /><testcase classname="src.tests.test_sync_v2_contract" name="test_sync_batch_v2_audits_missing_request_auth_material" time="0.087" /><testcase classname="src.tests.test_sync_v2_contract" name="test_sync_batch_v2_hmac_happy_path" time="0.073" /><testcase classname="src.tests.test_sync_v2_contract" name="test_sync_hmac_wrapper_mode_executes_core_and_keeps_legacy_shape" time="0.080" /><testcase classname="src.tests.test_sync_v2_pos_commands" name="test_sync_v2_pos_ticket_command_happy_path" time="0.514" /><testcase classname="src.tests.test_sync_v2_pos_commands" name="test_sync_v2_pos_compensation_retry_command" time="0.763" /><testcase classname="src.tests.test_sync_v2_pos_commands" name="test_sync_v2_pos_compensation_retry_rejects_invalid_scope_code" time="0.104" /><testcase classname="src.tests.test_sync_v2_pos_commands" name="test_sync_v2_pos_compensation_retry_rejects_schema_invalid_code" time="0.108" /><testcase classname="src.tests.test_sync_v2_pos_commands" name="test_sync_v2_pos_cash_count_rejects_actor_required_with_audit" time="0.092" /><testcase classname="src.tests.test_sync_v2_pos_commands" name="test_sync_v2_pos_compensation_retry_rejects_pending_with_audit" time="0.480" /><testcase classname="src.apps.kernels.accounting.tests.test_accounting_audit" name="test_approve_emits_audit" time="0.125" /><testcase classname="src.apps.kernels.accounting.tests.test_accounting_audit" name="test_post_emits_audit" time="0.120" /><testcase classname="src.apps.kernels.accounting.tests.test_accounting_audit" name="test_close_period_emits_audit" time="0.072" /><testcase classname="src.apps.kernels.accounting.tests.test_accounting_audit" name="test_reverse_emits_audit" time="0.161" /><testcase classname="src.apps.kernels.accounting.tests.test_accounting_audit" name="test_close_emits_manifest_hash" time="0.085" /><testcase classname="src.apps.kernels.accounting.tests.test_accounting_audit" name="test_posting_blocked_in_closed_period_audits" time="0.186" /><testcase classname="src.apps.kernels.accounting.tests.test_accounting_services" name="test_seed_creates_active_ruleset" time="0.038" /><testcase classname="src.apps.kernels.accounting.tests.test_accounting_services" name="test_seed_idempotent_returns_existing" time="0.048" /><testcase classname="src.apps.kernels.accounting.tests.test_accounting_services" name="test_seed_two_companies_independent" time="0.057" /><testcase classname="src.apps.kernels.accounting.tests.test_accounting_services" name="test_link_unsupported_module_returns_unsupported" time="0.022" /><testcase classname="src.apps.kernels.accounting.tests.test_accounting_services" name="test_link_unsupported_event_type_returns_unsupported" time="0.028" /><testcase classname="src.apps.kernels.accounting.tests.test_accounting_services" name="test_link_disabled_runtime_returns_disabled" time="0.033" /><testcase classname="src.apps.kernels.accounting.tests.test_accounting_services" name="test_link_billing_module_disabled_via_config" time="0.027" /><testcase classname="src.apps.kernels.accounting.tests.test_accounting_services" name="test_link_billing_invoice_creates_economic_event_and_draft" time="0.083" /><testcase classname="src.apps.kernels.accounting.tests.test_accounting_services" name="test_link_billing_credit_note_creates_validated_draft" time="0.089" /><testcase classname="src.apps.kernels.accounting.tests.test_accounting_services" name="test_link_billing_voided_creates_validated_draft" time="0.086" /><testcase classname="src.apps.kernels.accounting.tests.test_accounting_services" name="test_link_inventory_movement_creates_validated_draft" time="0.061" /><testcase classname="src.apps.kernels.accounting.tests.test_accounting_services" name="test_link_auto_seeds_ruleset_if_none_exists" time="0.073" /><testcase classname="src.apps.kernels.accounting.tests.test_accounting_services" name="test_link_idempotent_same_outbox_event" time="0.115" /><testcase classname="src.apps.kernels.accounting.tests.test_accounting_services" name="test_link_no_matching_rule_returns_pending_rule" time="0.047" /><testcase classname="src.apps.kernels.accounting.tests.test_accounting_services" name="test_apply_link_enriches_outbox_payload" time="0.078" /><testcase classname="src.apps.kernels.accounting.tests.test_accounting_services" name="test_apply_link_unsupported_enriches_without_ids" time="0.038" /><testcase classname="src.apps.kernels.accounting.tests.test_accounting_services" name="test_dispatch_processes_pending_billing_events" time="0.115" /><testcase classname="src.apps.kernels.accounting.tests.test_accounting_services" name="test_approve_validated_drafts" time="0.095" /><testcase classname="src.apps.kernels.accounting.tests.test_accounting_services" name="test_approve_skips_already_approved" time="0.101" /><testcase classname="src.apps.kernels.accounting.tests.test_accounting_services" name="test_post_drafts_auto_approve" time="0.118" /><testcase classname="src.apps.kernels.accounting.tests.test_accounting_services" name="test_post_drafts_requires_approved_when_flag_set" time="0.079" /><testcase classname="src.apps.kernels.accounting.tests.test_accounting_services" name="test_post_drafts_sod_block_same_approver" time="0.102" /><testcase classname="src.apps.kernels.accounting.tests.test_accounting_services" name="test_close_fiscal_period_open_no_pending_drafts" time="0.071" /><testcase classname="src.apps.kernels.accounting.tests.test_accounting_services" name="test_close_fiscal_period_idempotent" time="0.033" /><testcase classname="src.apps.kernels.accounting.tests.test_accounting_services" name="test_close_fiscal_period_creates_period_if_missing" time="0.070" /><testcase classname="src.apps.kernels.accounting.tests.test_accounting_services" name="test_close_fiscal_period_blocked_by_pending_drafts" time="0.112" /><testcase classname="src.apps.kernels.accounting.tests.test_accounting_services" name="test_close_fiscal_period_invalid_company_raises" time="0.014" /><testcase classname="src.apps.kernels.accounting.tests.test_accounting_services" name="test_close_fiscal_period_invalid_month_raises" time="0.025" /><testcase classname="src.apps.kernels.accounting.tests.test_accounting_sod" name="test_generated_by_is_stamped_from_actor" time="0.075" /><testcase classname="src.apps.kernels.accounting.tests.test_accounting_sod" name="test_approve_blocks_self_generated_draft" time="0.074" /><testcase classname="src.apps.kernels.accounting.tests.test_accounting_sod" name="test_approve_allows_different_actor" time="0.115" /><testcase classname="src.apps.kernels.accounting.tests.test_accounting_sod" name="test_approve_allows_system_generated_draft" time="0.113" /><testcase classname="src.apps.kernels.accounting.tests.test_accounting_sod" name="test_approve_self_generated_with_override" time="0.114" /><testcase classname="src.apps.kernels.facturacion.tests.test_billing_accounting_integration" name="test_billing_issue_updates_document_and_outbox_with_accounting_link" time="0.137" /><testcase classname="src.apps.kernels.facturacion.tests.test_billing_accounting_integration" name="test_billing_void_returns_accounting_state" time="0.193" /><testcase classname="src.apps.kernels.facturacion.tests.test_billing_customer_party" name="test_credit_sale_without_party_is_blocked" time="0.068" /><testcase classname="src.apps.kernels.facturacion.tests.test_billing_customer_party" name="test_credit_sale_with_party_issues_and_payload_has_party" time="0.282" /><testcase classname="src.apps.kernels.facturacion.tests.test_billing_customer_party" name="test_cash_consumer_final_without_party_issues" time="0.137" /><testcase classname="src.apps.kernels.facturacion.tests.test_billing_customer_party" name="test_cross_company_party_rejected_at_draft" time="0.061" /><testcase classname="src.apps.kernels.facturacion.tests.test_billing_void_sod" name="test_void_requires_second_approver_and_voids_on_approval" time="0.262" /><testcase classname="src.apps.kernels.facturacion.tests.test_billing_void_sod" name="test_maker_cannot_self_approve_void" time="0.168" /><testcase classname="src.apps.kernels.facturacion.tests.test_billing_void_sod" name="test_approver_without_permission_cannot_void" time="0.171" /><testcase classname="src.apps.kernels.facturacion.tests.test_credit_notes" name="test_full_credit_note_links_and_updates_creditable" time="0.197" /><testcase classname="src.apps.kernels.facturacion.tests.test_credit_notes" name="test_partial_credit_note" time="0.229" /><testcase classname="src.apps.kernels.facturacion.tests.test_credit_notes" name="test_over_credit_is_rejected" time="0.214" /><testcase classname="src.apps.kernels.facturacion.tests.test_credit_notes" name="test_cannot_credit_a_draft_or_non_invoice" time="0.045" /><testcase classname="src.apps.kernels.facturacion.tests.test_credit_notes" name="test_credit_note_is_idempotent" time="0.193" /><testcase classname="src.apps.kernels.inventarios.tests.test_cost_policy" name="test_default_method_is_weighted_average_when_no_policy" time="0.037" /><testcase classname="src.apps.kernels.inventarios.tests.test_cost_policy" name="test_set_policy_creates_v1_and_resolves" time="0.046" /><testcase classname="src.apps.kernels.inventarios.tests.test_cost_policy" name="test_changing_policy_versions_and_closes_previous" time="0.069" /><testcase classname="src.apps.kernels.inventarios.tests.test_cost_policy" name="test_branch_policy_overrides_company_with_fallback" time="0.063" /><testcase classname="src.apps.kernels.inventarios.tests.test_cost_policy" name="test_invalid_method_raises" time="0.034" /><testcase classname="src.apps.kernels.inventarios.tests.test_cost_policy" name="test_movement_stamps_active_cost_policy_version" time="0.234" /><testcase classname="src.apps.kernels.inventarios.tests.test_inventory_accounting_integration" name="test_inventory_adjust_includes_accounting_link_and_adjust_rule_signal" time="0.199" /><testcase classname="src.apps.kernels.inventarios.tests.test_inventory_accounting_integration" name="test_inventory_transfer_propagates_accounting_link_to_both_movements" time="0.230" /><testcase classname="src.apps.kernels.inventarios.tests.test_inventory_class" name="test_resolve_class_derives_from_flags_when_blank" time="0.029" /><testcase classname="src.apps.kernels.inventarios.tests.test_inventory_class" name="test_explicit_class_overrides_derivation" time="0.019" /><testcase classname="src.apps.kernels.inventarios.tests.test_inventory_class" name="test_fefo_requires_lots_and_expiry" time="0.035" /><testcase classname="src.apps.kernels.inventarios.tests.test_inventory_class" name="test_set_inventory_class_reclassifies_and_validates" time="0.090" /><testcase classname="src.apps.kernels.inventarios.tests.test_inventory_class" name="test_set_class_fefo_on_non_expiry_item_is_rejected" time="0.036" /><testcase classname="src.apps.kernels.inventarios.tests.test_inventory_class" name="test_fefo_ordering_picks_earliest_expiry" time="0.034" /><testcase classname="src.apps.kernels.inventarios.tests.test_inventory_class" name="test_average_ordering_is_empty" time="0.025" /><testcase class
[...]
"src.apps.modulos.cec.tests.test_cec_audit" name="test_register_exception_emits_audit" time="0.068" /><testcase classname="src.apps.modulos.cec.tests.test_cec_audit" name="test_reopen_transition_is_audited" time="0.068" /><testcase classname="src.apps.modulos.accounts.tests.test_accounts" name="test_user_defaults" time="0.021" /><testcase classname="src.apps.modulos.accounts.tests.test_accounts" name="test_user_email_unique" time="0.018" /><testcase classname="src.apps.modulos.accounts.tests.test_accounts" name="test_login_success_returns_access_token" time="0.043" /><testcase classname="src.apps.modulos.accounts.tests.test_accounts" name="test_login_wrong_password_is_rejected" time="0.050" /><testcase classname="src.apps.modulos.accounts.tests.test_accounts" name="test_bootstrap_status_is_public" time="0.025" /><testcase classname="src.apps.modulos.accounts.tests.test_accounts" name="test_me_requires_authentication" time="0.033" /><testcase classname="src.apps.modulos.accounts.tests.test_accounts" name="test_me_returns_user_when_authenticated" time="0.076" /><testcase classname="src.apps.modulos.audit.tests.test_audit" name="test_verify_queryset_valid_chain_is_ok" time="0.030" /><testcase classname="src.apps.modulos.audit.tests.test_audit" name="test_verify_queryset_missing_head_is_flagged" time="0.031" /><testcase classname="src.apps.modulos.audit.tests.test_audit" name="test_audit_bitacora_requires_authentication" time="0.033" /><testcase classname="src.apps.modulos.audit.tests.test_service_audit" name="test_emit_service_event_writes_audit_with_partition" time="0.025" /><testcase classname="src.apps.modulos.estacion_servicios.tests.test_estacion_servicios" name="test_open_shift_creates_and_dedupes" time="0.045" /><testcase classname="src.apps.modulos.estacion_servicios.tests.test_estacion_servicios" name="test_open_shift_requires_branch" time="0.027" /><testcase classname="src.apps.modulos.estacion_servicios.tests.test_estacion_servicios" name="test_close_shift_and_double_close" time="0.052" /><testcase classname="src.apps.modulos.estacion_servicios.tests.test_estacion_servicios" name="test_record_dispense_computes_canonical_amounts" time="0.055" /><testcase classname="src.apps.modulos.estacion_servicios.tests.test_estacion_servicios" name="test_record_dispense_rejected_on_closed_shift" time="0.047" /><testcase classname="src.apps.modulos.estacion_servicios.tests.test_estacion_servicios" name="test_build_shift_close_report_aggregates" time="0.081" /><testcase classname="src.apps.modulos.estacion_servicios.tests.test_estacion_servicios" name="test_run_fuel_compensation_cycle_with_nothing_due" time="0.026" /><testcase classname="src.apps.modulos.sync_engine.tests.test_sync_engine" name="test_device_list_forbidden_without_permission" time="0.105" /><testcase classname="src.apps.modulos.sync_engine.tests.test_sync_engine" name="test_device_list_ok_with_permission" time="0.108" /><testcase classname="src.apps.modulos.activity.tests.test_activity" name="test_register_device_creates_then_touches" time="0.022" /><testcase classname="src.apps.modulos.activity.tests.test_activity" name="test_revoke_device_and_touch_does_not_unrevoke" time="0.020" /><testcase classname="src.apps.modulos.activity.tests.test_activity" name="test_device_unique_per_user_fingerprint" time="0.015" /><testcase classname="src.apps.modulos.activity.tests.test_activity" name="test_user_session_lifecycle_and_duration" time="0.019" /><testcase classname="src.apps.modulos.activity.tests.test_activity" name="test_record_activity_persists_and_truncates" time="0.017" /><testcase classname="src.apps.modulos.activity.tests.test_activity" name="test_clock_in_out_computes_hours" time="0.033" /><testcase classname="src.apps.modulos.activity.tests.test_activity" name="test_clock_in_twice_raises" time="0.026" /><testcase classname="src.apps.modulos.activity.tests.test_activity" name="test_clock_in_again_after_clock_out_is_allowed" time="0.036" /><testcase classname="src.tests.test_integration_idempotency_concurrency" name="test_inbox_create_or_get_is_concurrent_idempotent" time="6.249" /><testcase classname="src.tests.test_integration_idempotency_concurrency" name="test_open_shift_is_concurrent_open_or_return_existing" time="6.838" /><testcase classname="src.tests.test_sync_device_enrollment_flow" name="test_device_enroll_challenge_is_one_time_under_concurrency" time="6.720" /><testcase classname="src.tests.test_contract_guards" name="test_write_event_uses_only_allowlisted_audit_codes" time="2.812" /><testcase classname="src.tests.test_contract_guards" name="test_audit_guard_actually_scans_calls" time="2.733" /><testcase classname="src.tests.test_contract_guards" name="test_every_view_declares_permissions" time="0.456" /><testcase classname="src.tests.test_error_envelope_context" name="test_error_envelope_includes_context" time="0.004" /><testcase classname="src.tests.test_fuel_route_contracts" name="test_fuel_canonical_and_alias_health_endpoints_are_available" time="0.014" /><testcase classname="src.tests.test_fuel_route_contracts" name="test_fuel_legacy_alias_emits_deprecation_headers" time="0.006" /><testcase classname="src.tests.test_kernel_namespace_compat" name="test_kernels_are_loaded_from_canonical_namespace" time="0.003" /><testcase classname="src.tests.test_kernel_namespace_compat" name="test_modulos_compat_namespace_resolves_to_kernels_modules" time="0.018" /><testcase classname="src.tests.test_legacy_route_headers" name="test_fuel_legacy_aliases_emit_deprecation_headers" time="0.010" /><testcase classname="src.tests.test_legacy_route_headers" name="test_fuel_canonical_does_not_emit_legacy_headers" time="0.007" /><testcase classname="src.tests.test_legacy_route_headers" name="test_billing_legacy_lane_emits_deprecation_headers" time="0.008" /><testcase classname="src.tests.test_phase12_advanced_policy" name="test_fx_blocked_policy_alert_allows_blocked_with_warning" time="0.004" /><testcase classname="src.tests.test_phase12_advanced_policy" name="test_fx_blocked_policy_block_rejects_blocked" time="0.005" /><testcase classname="src.tests.test_phase5_operational_go_live_gate" name="test_verify_operational_pilot_go_live_passes_with_stable_streak_and_signoff" time="0.027" /><testcase classname="src.tests.test_phase5_operational_go_live_gate" name="test_verify_operational_pilot_go_live_fails_with_unstable_or_gate_fail" time="0.021" /><testcase classname="src.tests.test_phase5_operational_go_live_gate" name="test_verify_operational_pilot_go_live_fails_when_signoff_missing" time="0.017" /><testcase classname="src.tests.test_phase5_operational_go_live_gate" name="test_verify_operational_pilot_go_live_fails_when_open_observations_exist" time="0.021" /><testcase classname="src.tests.test_phase5_operational_go_live_gate" name="test_record_operational_go_live_review_writes_default_final_signoff_file" time="0.012" /><testcase classname="src.tests.test_phase5_operational_go_live_gate" name="test_verify_operational_pilot_go_live_passes_with_excused_day" time="0.023" /><testcase classname="src.tests.test_phase5_operational_go_live_gate" name="test_verify_operational_pilot_go_live_fails_when_excused_days_exceed_limit" time="0.023" /><testcase classname="src.tests.test_phase5_operational_go_live_gate" name="test_verify_operational_pilot_go_live_fails_when_calendar_window_exceeds_limit" time="0.020" /><testcase classname="src.tests.test_phase5_operational_go_live_gate" name="test_record_operational_go_live_exception_writes_default_file" time="0.010" /><testcase classname="src.tests.test_qa_security_findings_guard" name="test_guard_fails_when_audit_reports_are_missing" time="0.015" /><testcase classname="src.tests.test_qa_security_findings_guard" name="test_guard_fails_when_audit_report_json_is_invalid" time="0.010" /><testcase classname="src.tests.test_reporting_execution_diagnostics" name="test_reporting_filter_normalization_rejects_ambiguous_or_invalid_inputs" time="0.005" /><testcase classname="src.tests.test_reporting_execution_diagnostics" name="test_reporting_adapter_date_utils_make_default_ranges_and_reject_bad_values" time="0.003" /><testcase classname="src.tests.test_route_canonical_registry" name="test_routing_policy_prefixes_are_mounted" time="0.003" /><testcase classname="src.tests.test_route_collision_guard" name="test_no_top_level_route_prefix_collisions" time="0.004" /><testcase classname="src.tests.test_sync_policy_config" name="test_sync_policy_settings_are_declared_with_preserved_defaults" time="0.004" /><testcase classname="src.tests.test_sync_policy_config" name="test_sync_engine_policy_honors_declared_settings_overrides" time="0.005" /><testcase classname="src.tests.test_sync_policy_config" name="test_stale_audit_policy_copy_matches_runtime_policy_expressions" time="0.015" /><testcase classname="src.tests.test_sync_v2_pos_commands" name="test_pos_sync_reason_codes_are_contractual" time="0.003" /><testcase classname="src.tests.test_u5_migration_safety_guard" name="test_fails_when_migration_has_no_baseline_entry" time="0.339" /><testcase classname="src.tests.test_u5_migration_safety_guard" name="test_fails_addindexconcurrently_without_atomic_false" time="0.307" /><testcase classname="src.tests.test_u5_migration_safety_guard" name="test_fails_risky_ops_marked_as_metadata_only" time="0.328" /><testcase classname="src.tests.test_u5_migration_safety_guard" name="test_passes_for_valid_migration_metadata" time="0.312" /><testcase classname="src.apps.kernels.payments.tests.test_state_machines" name="test_intent_transition_table" time="0.006" /><testcase classname="src.apps.kernels.payments.tests.test_state_machines" name="test_cash_session_transition_table" time="0.003" /><testcase classname="src.apps.kernels.reporting.tests.test_contract_compat" name="test_structural_change_requires_schema_bump" time="0.005" /><testcase classname="src.apps.kernels.reporting.tests.test_contract_compat" name="test_structural_change_with_schema_bump_passes" time="0.005" /><testcase classname="src.apps.kernels.reporting.tests.test_contract_compat" name="test_semantic_change_requires_semantic_bump" time="0.003" /><testcase classname="src.apps.kernels.reporting.tests.test_contract_compat" name="test_semantic_change_with_semantic_bump_passes" time="0.003" /><testcase classname="src.apps.kernels.reporting.tests.test_contract_compat" name="test_new_dataset_must_be_complete" time="0.003" /><testcase classname="src.apps.kernels.reporting.tests.test_quality" name="test_quality_allows_global_totals_only_measures_for_payments" time="0.004" /><testcase classname="src.apps.kernels.reporting.tests.test_quality" name="test_quality_fails_when_global_totals_measure_is_missing_from_totals" time="0.004" /><testcase classname="src.apps.kernels.reporting.tests.test_quality" name="test_quality_fails_when_global_totals_only_measure_is_present_in_rows" time="0.003" /><testcase classname="src.apps.kernels.reporting.tests.test_registry" name="test_reporting_registry_dataset_keys_are_unique" time="0.003" /><testcase classname="src.apps.kernels.reporting.tests.test_registry" name="test_reporting_registry_contains_accounting_seed_set" time="0.004" /><testcase classname="src.apps.kernels.reporting.tests.test_registry" name="test_reporting_registry_dashboard_metadata_contract_is_complete" time="0.004" /><testcase classname="src.apps.modulos.common.tests.test_common" name="test_domain_error_defaults" time="0.005" /><testcase classname="src.apps.modulos.common.tests.test_common" name="test_domain_error_custom_fields" time="0.004" /><testcase classname="src.apps.modulos.common.tests.test_common" name="test_integration_and_retryable_hierarchy" time="0.003" /><testcase classname="src.apps.modulos.common.tests.test_common" name="test_conflict_error_status_and_code" time="0.003" /><testcase classname="src.apps.modulos.common.tests.test_common" name="test_get_limit_offset_defaults" time="0.004" /><testcase classname="src.apps.modulos.common.tests.test_common" name="test_get_limit_offset_clamps_max_and_negative_offset" time="0.003" /><testcase classname="src.apps.modulos.common.tests.test_common" name="test_get_limit_offset_min_one" time="0.003" /><testcase classname="src.apps.modulos.common.tests.test_common" name="test_get_limit_offset_garbage_falls_back_to_defaults" time="0.003" /><testcase classname="src.apps.modulos.common.tests.test_common" name="test_get_limit_offset_respects_custom_bounds" time="0.004" /><testcase classname="src.apps.modulos.common.tests.test_common" name="test_paginate_list_slices" time="0.004" /><testcase classname="src.apps.modulos.common.tests.test_common" name="test_tender_catalog_and_sets" time="0.004" /><testcase classname="src.apps.modulos.common.tests.test_common" name="test_throttle_scope_by_method_selected" time="0.004" /><testcase classname="src.apps.modulos.common.tests.test_common" name="test_throttle_scope_falls_back_to_default" time="0.005" /><testcase classname="src.apps.modulos.common.tests.test_common" name="test_throttle_scope_unset_when_no_mapping_no_default" time="0.005" /><testcase classname="src.apps.modulos.common.tests.test_common" name="test_rbac_denies_anonymous_and_marks_required_permission" time="0.006" /><testcase classname="src.apps.modulos.common.tests.test_common" name="test_rbac_denies_when_no_company_context" time="0.004" /><testcase classname="src.apps.modulos.common.tests.test_common" name="test_rbac_allows_with_override_permission" time="0.004" /><testcase classname="src.apps.modulos.common.tests.test_common" name="test_rbac_allows_with_wildcard_override" time="0.004" /><testcase classname="src.apps.modulos.common.tests.test_common" name="test_rbac_denies_without_required_permission_and_sets_scope" time="0.004" /><testcase classname="src.apps.modulos.common.tests.test_common" name="test_rbac_intercompany_denied" time="0.003" /><testcase classname="src.apps.modulos.common.tests.test_common" name="test_rbac_intercompany_allowed" time="0.003" /><testcase classname="src.apps.modulos.cec.tests.test_cec" name="test_is_close_run_blocking_always_blocking_codes" time="0.004" /><testcase classname="src.apps.modulos.cec.tests.test_cec" name="test_is_close_run_blocking_strict_gated_codes" time="0.005" /><testcase classname="src.apps.modulos.cec.tests.test_cec" name="test_is_close_run_blocking_unknown_code_not_blocking" time="0.004" /><testcase classname="src.apps.modulos.cec.tests.test_cec" name="test_json_hash_is_order_independent_and_distinct" time="0.006" /><testcase classname="src.apps.modulos.cec.tests.test_cec" name="test_fingerprint_is_deterministic" time="0.003" /><testcase classname="src.apps.modulos.accounts.tests.test_accounts" name="test_password_validator_rejects_too_short" time="0.006" /><testcase classname="src.apps.modulos.accounts.tests.test_accounts" name="test_password_validator_rejects_low_complexity" time="0.005" /><testcase classname="src.apps.modulos.accounts.tests.test_accounts" name="test_password_validator_accepts_strong_password" time="0.004" /><testcase classname="src.apps.modulos.accounts.tests.test_accounts" name="test_password_validator_help_text_mentions_bounds" time="0.004" /><testcase classname="src.apps.modulos.accounts.tests.test_accounts" name="test_password_validator_custom_thresholds" time="0.006" /><testcase classname="src.apps.modulos.accounts.tests.test_accounts" name="test_issue_csrf_token_is_nonempty_and_unique" time="0.003" /><testcase classname="src.apps.modulos.accounts.tests.test_accounts" name="test_set_auth_cookies_sets_three_cookies_with_flags" time="0.003" /><testcase classname="src.apps.modulos.accounts.tests.test_accounts" name="test_clear_auth_cookies_resets_values" time="0.004" /><testcase classname="src.apps.modulos.audit.tests.test_audit" name="test_redact_sensitive_keys" time="0.004" /><testcase classname="src.apps.modulos.audit.tests.test_audit" name="test_redact_is_case_insensitive_and_substring_based" time="0.004" /><testcase classname="src.apps.modulos.audit.tests.test_audit" name="test_redact_handles_lists_and_primitives" time="0.005" /><testcase classname="src.apps.modulos.audit.tests.test_audit" name="test_sanitize_snapshot_none_passthrough" time="0.004" /><testcase classname="src.apps.modulos.audit.tests.test_audit" name="test_sanitize_metadata_none_returns_empty_dict" time="0.005" /><testcase classname="src.apps.modulos.audit.tests.test_audit" name="test_truncate_large_metadata" time="0.006" /><testcase classname="src.apps.modulos.audit.tests.test_audit" name="test_verify_events_valid_event_passes" time="0.005" /><testcase classname="src.apps.modulos.audit.tests.test_audit" name="test_verify_events_detects_hash_mismatch" time="0.004" /><testcase classname="src.apps.modulos.audit.tests.test_audit" name="test_verify_events_detects_signature_mismatch" time="0.004" /><testcase classname="src.apps.modulos.audit.tests.test_audit" name="test_verify_events_detects_missing_hash" time="0.004" /><testcase classname="src.apps.modulos.audit.tests.test_audit" name="test_keyring_has_active_key" time="0.003" /><testcase classname="src.apps.modulos.audit.tests.test_audit" name="test_parse_keyring_raw_string_format" time="0.004" /><testcase classname="src.apps.modulos.audit.tests.test_service_audit" name="test_build_audit_request_synthetic_and_passthrough" time="0.003" /><testcase classname="src.apps.modulos.estacion_servicios.tests.test_estacion_servicios" name="test_to_liters_conversions" time="0.007" /><testcase classname="src.apps.modulos.estacion_servicios.tests.test_estacion_servicios" name="test_to_unit_price_per_liter_conversions" time="0.004" /><testcase classname="src.apps.modulos.estacion_servicios.tests.test_estacion_servicios" name="test_money_and_volume_quantization" time="0.003" /><testcase classname="src.apps.modulos.estacion_servicios.tests.test_estacion_servicios" name="test_gallons_from_liters_roundtrip" time="0.003" /><testcase classname="src.apps.modulos.estacion_servicios.tests.test_estacion_servicios" name="test_fuel_inventory_sku_and_name" time="0.003" /><testcase classname="src.apps.modulos.estacion_servicios.tests.test_estacion_servicios" name="test_next_compensation_retry_backoff" time="0.003" /><testcase classname="src.apps.modulos.estacion_servicios.tests.test_estacion_servicios" name="test_dt_range_from_query_dates_and_invalid" time="0.007" /><testcase classname="src.apps.modulos.sync_engine.tests.test_sync_engine" name="test_occurred_at_canonical_naive_assumed_utc" time="0.006" /><testcase classname="src.apps.modulos.sync_engine.tests.test_sync_engine" name="test_occurred_at_canonical_converts_to_utc" time="0.005" /><testcase classname="src.apps.modulos.sync_engine.tests.test_sync_engine" name="test_canon_json_sorts_keys" time="0.005" /><testcase classname="src.apps.modulos.sync_engine.tests.test_sync_engine" name="test_sha256_helpers_match_hashlib" time="0.003" /><testcase classname="src.apps.modulos.sync_engine.tests.test_sync_engine" name="test_b64decode_strict_roundtrip_and_invalid" time="0.003" /><testcase classname="src.apps.modulos.sync_engine.tests.test_sync_engine" name="test_public_key_from_b64_length_check" time="0.003" /><testcase classname="src.apps.modulos.sync_engine.tests.test_sync_engine" name="test_build_command_signing_message_format" time="0.003" /><testcase classname="src.apps.modulos.sync_engine.tests.test_sync_engine" name="test_build_request_signing_message_format" time="0.004" /><testcase classname="src.apps.modulos.sync_engine.tests.test_sync_engine" name="test_verify_ed25519_signature_valid_and_tampered" time="0.004" /><testcase classname="src.apps.modulos.sync_engine.tests.test_sync_engine" name="test_verify_hmac_signature_b64_valid_and_invalid" time="0.003" /><testcase classname="src.apps.modulos.sync_engine.tests.test_sync_engine" name="test_registry_register_lookup_and_duplicate" time="0.004" /><testcase classname="src.apps.modulos.sync_engine.tests.test_sync_engine" name="test_sync_reject_error_str_is_reason_code" time="0.265" /></testsuite></testsuites>